(('of', 'the'), 12422)
(('in', 'the'), 5741)
(('to', 'the'), 4333)
(('and', 'the'), 3065)
(('on', 'the'), 2214)
(('at', 'the'), 1915)
(('by', 'the'), 1863)
(('from', 'the'), 1754)
(('of', 'a'), 1700)
(('with', 'the'), 1656)
(('to', 'be'), 1570)
(('with', 'a'), 1333)
(('that', 'the'), 1306)
(('in', 'a'), 1301)
(('for', 'the'), 1258)
(('he', 'had'), 1236)
(('did', 'not'), 1178)
(('had', 'been'), 1094)
(('of', 'his'), 1059)
(('it', 'is'), 999)
(('may', 'be'), 991)
(('into', 'the'), 954)
(('the', 'same'), 910)
(('it', 'was'), 909)
(('he', 'was'), 885)
(('that', 'he'), 839)
(('as', 'a'), 787)
(('Prince', 'Andrew'), 785)
(('in', 'his'), 759)
(('as', 'the'), 748)
(('and', 'a'), 679)
(('all', 'the'), 645)
(('was', 'a'), 642)
(('could', 'not'), 623)
(('and', 'in'), 606)
(('one', 'of'), 599)
(('In', 'the'), 594)
(('to', 'him'), 592)
(('is', 'a'), 585)
(('to', 'his'), 580)
(('and', 'that'), 579)
(('should', 'be'), 565)
(('with', 'his'), 558)
(('was', 'the'), 558)
(('the', 'first'), 542)
(('for', 'a'), 533)
(('who', 'had'), 527)
(('to', 'a'), 524)
(('It', 'was'), 521)
(('I', 'have'), 518)
(('the', 'French'), 515)
(('out', 'of'), 510)
(('as', 'if'), 493)
(('in', 'which'), 493)
(('is', 'the'), 492)
(('as', 'he'), 482)
(('have', 'been'), 481)
(('that', 'it'), 474)
(('by', 'a'), 472)
(('there', 'is'), 471)
(('I', 'am'), 460)
(('and', 'he'), 452)
(('was', 'not'), 445)
(('the', 'other'), 441)
(('to', 'her'), 441)
(('and', 'to'), 441)
(('the', 'whole'), 438)
(('up', 'to'), 432)
(('the', 'old'), 431)
(('It', 'is'), 430)
(('the', 'United'), 422)
(('and', 'his'), 418)
(('said', 'the'), 412)
(('would', 'be'), 409)
(('seemed', 'to'), 409)
(('over', 'the'), 408)
(('upon', 'the'), 407)
(('has', 'been'), 406)
(('which', 'he'), 404)
(('through', 'the'), 401)
(('is', 'not'), 396)
(('of', 'this'), 394)
(('that', 'I'), 393)
(('on', 'his'), 392)
(('Princess', 'Mary'), 386)
(('of', 'their'), 377)
(('must', 'be'), 366)
(('they', 'were'), 363)
(('under', 'the'), 362)
(('of', 'her'), 362)
(('when', 'the'), 360)
(('began', 'to'), 359)
(('which', 'the'), 357)
(('and', 'I'), 351)
(('she', 'had'), 349)
(('such', 'as'), 348)
(('there', 'was'), 342)
(('as', 'to'), 341)
(('and', 'then'), 339)
(('to', 'see'), 337)
