1	1120
1,000	20
1,006	20
1,035	20
1,055	20
1,097,378	20
1,248	20
1,281,946	20
1,311,823	20
1,460	20
1,484,299	20
1,605,793	20
1,877,268	20
1,991,988	20
1.b	20
1.d	20
1.e.1	100
1.e.3	20
1.e.5	20
1.e.7	60
1.e.9	60
1.f	20
1.f.2	20
1.f.4	20
1.f.6	20
10	540
10.0	20
10.29[22	20
10.36[22	20
10.4	20
100	200
100,141	20
1000	20
102	20
102,201,375	20
104	20
105.3	20
1053	20
106	20
106-108	20
108,000,000	60
109-112	20
11,034	20
11,351	20
11-17	20
11.25	20
11.3	20
111	20
113	40
113-117	20
117	80
117-122	40
119	120
12	300
120	120
1200	20
122	60
123,579	20
123-165	20
126.2	20
128	20
13,240,010	20
13,240,010|████████	20
13.3	20
130,744	20
132,894	20
133	60
134-165	20
137	60
137-140	20
1390	20
14	240
14,732,130	20
14,732,130|151,740,939|195,937,329|269,597,979|343,258,629	20
14,732,130|█████████	20
14,846	20
14.2	20
140	60
141-145	20
144	20
145-149	20
15-foot	120
151-153	40
153	20
153-157	20
155	20
157-159	20
159	20
15½	20
16	220
160	100
160-162	60
1617	20
162	20
16th	40
171	20
1710	20
175	20
18	240
180	40
1800	20
1860	20
1862	20
1871	40
1875	20
1884	20
1891	20
1893	20
18th	20
19,661	20
19-28	20
1906-1907.--u	20
1908-1909.--u	20
1909	320
1909--table	20
1909.--table	40
1910	260
195	20
197	20
1]baum	20
1¾	20
2,135,000	20
2,179	20
2,228,270	20
2,344,398	20
2,796,122	20
2.23	40
2.3	20
20,685	20
20-oct	20
2001	20
21	140
21,763	20
21.88	20
217,254|▎	20
218,000	40
225	20
2261	20
23	220
23-nov	20
230	20
231,232	20
232	20
24,325,900|████████████████████████████████▌	20
24-oct	40
2449	20
25	240
25,680	20
25th	20
26-sept	20
26½	20
27	100
27´	20
28-mar	20
28.33[22	20
285	20
29	140
29,086	20
29,273	20
2½	40
3	960
3,000	20
3,279	20
3.0	20
3.2	20
3.4	20
3.64	20
3.82	20
30	280
30,073	20
30,567	20
300	60
30th	40
32	120
32,000	20
32,478,500	20
320	40
324	20
326,752	20
3260	20
32´	20
33]maximum	20
34	120
36	160
36,480	40
360´	40
362,752	20
373	20
379	20
37]4,444[37]7,764	20
38	100
38.6	20
38.81[22	20
398,430	20
398,430|▎	20
3¼	20
4,957,000,000	20
4.34	20
4.5	40
4.74	20
4.98	20
401	20
40]total	20
41	100
42,522	20
42,559	20
42,827	20
425	20
43	120
43]wt	20
43d	40
44,233,500	20
44,661	20
44-46	20
447	20
45	180
450	20
460,119	20
47	160
47-49	20
47´	60
49	100
49-56	40
4959	20
49972	20
49972-0.zip	20
4½	40
5	620
5,000	40
5,147	20
5,417,873	20
5-30	20
5.24	20
5.6	20
5.88	20
50	340
50,000	20
500	20
500,000	40
501(c)(3	20
52	80
53,127,210|████████████████████████████████████	20
534,652|333,829|474,171|57,013	20
536,720	20
539	20
54	140
55,791	20
56	180
56-92	40
57,269	20
58	240
58,875	20
596-1887	20
6,205	20
6,300	40
6,636	20
6,650	20
60,919	20
60-62	20
61	340
616	20
62,700,000	20
63	160
64_b	20
65	440
65-67	20
667	20
67	140
672	20
681,710	20
69	260
6½	40
7	540
7,000,000	20
7,831|forty-third	20
70	300
714,856	20
714,856|forty-third	20
715,985|█	20
72	340
72_a	60
738,650	20
73_b	40
73_d	40
74	300
7408	20
75,111	40
75-77	20
750175	20
76	220
76,495	20
77.7	20
779,916	20
78	360
79,247	20
7¾	20
8,030	20
8,159	20
8,519	20
8.9	20
80-foot	20
801	20
809	20
81	320
81,424	20
81-85	20
83	280
839,975	20
85	180
85,969	20
85-87	20
865,024	40
87	20
88-91	40
89,354	20
896	20
8½	20
9	360
9,350,000,000	20
9,475	20
9,534	20
9,608,406	20
9,709	20
9,844	20
9,912	20
90	100
90,812|150,490	20
92	40
94	60
955	20
96	40
96-98	20
960	20
967,544	20
98	120
982	20
99775	20
9th	40
a	21300
abandon	20
abandonment	20
abatement	20
abide	20
abnormally	40
abolished	20
about	1920
above	1680
abroad	20
absence	40
absolute	60
absorbing	20
absorption	20
abutments	20
abutters,--the	20
accelerated	20
accepted	80
accessed	20
accommodate	100
accommodated	40
accommodations	80
accompany	40
accompanying	160
accomplish	60
accomplishing	20
accomplishment	40
accordance	240
account	240
accrue	20
accruement	20
accumulating	20
accumulation	20
accuracy	40
acquiring	60
acquisition	40
acre	100
acres|1091	20
across	420
activities	120
activities--economy	20
activity	40
acts	40
actually	160
adaptation	40
adapted	160
add	80
adding	20
additional	300
additions	40
adequately	20
adjust	20
adjustment	20
admirable	20
admirably	20
adopted	300
advantage	360
advisable	60
affair	40
affect	120
affected._--_(a	20
affecting	100
afforded	20
affords	20
afield	20
against	200
agencies	20
agency	20
agent	20
aggregate	40
ago	60
agricultural	20
aim	20
alaska	20
all	3220
allegheny	1780
allerton	20
alley	220
allow	60
allowing	80
alone	80
along	1300
also	720
alteration	60
altered	20
alternately	20
alternative	40
altogether	40
always	180
amid	40
amounted	20
amounts	80
ample	320
amplitude	20
amply	20
an	3100
and	38060
angle	20
annoying	20
annual	40
annum	80
another	340
anticipation	40
antisbury	20
antwerp	20
anyway	20
anywhere	40
apartments	20
apiece	20
apparatus	20
apparent	100
appear	240
appearances	20
appearing	20
appendix	140
applicable	100
applied	80
appreciates	20
appreciating	20
appreciation	60
approach--south	120
appropriate	60
appropriations	20
approved	120
approximately	20
apt	180
architectural	40
architecture	20
area	700
areaways	20
argument	20
arising	20
around	280
arrangements	20
array	20
arrive	20
art	20
arteries	340
artery	500
artistic	40
as-is	20
ascends	20
ascii	40
ask	20
aspinwall	260
assessed	40
assumes	20
assuming	80
at	8420
atlas	40
atlases	20
attach	40
attaching	20
attainment	40
attempt	40
attendant	20
attract	20
attractive	240
attributes	20
aug	160
august	20
austrian	20
author	20
authorities	20
authority	120
authorized	100
auto	40
automatic	20
automobile	20
available	440
avalon	40
avenue--a	40
avenue--center	120
avenue--leads	20
avenue--northerly	80
avenue--the	40
avenues	500
average	380
avoid	180
avoiding	40
avone	20
awarding	20
away--you	20
awnings	20
axial	20
axis	20
back	380
back-pressure	20
back-water	20
bad	160
baffling	20
baker	20
balancing	20
baldwin	60
baltimore	660
band	40
baneful	20
banks	280
banksville	40
barge	60
barrier	20
based	200
basement	80
basketball	20
bates	180
baum	120
bayard	20
be	15640
beatty	40
beautiful	120
beaver	40
become	400
bed	40
beelen	20
before	380
began	40
begin	20
beginning	80
begun	140
being	620
bell	280
below	680
belt	40
ben	60
bend	120
bending	40
beneath	60
benefit	140
bent	20
bern	60
besides	20
beyond	480
bid	20
bigelow	20
bill	100
billquist	80
binary	20
birth	20
bit	20
blame	20
block	160
bloomfield	40
bluff	200
blunders	20
boats	760
boats--low	20
bodily	20
bold	60
bond	100
bonn	20
book	20
borders	40
boroughs	160
boston	80
both	840
bottom	160
bought	20
boulevard._--from	40
boulevards	20
bound-stones	20
bounded	20
bounds	20
box	20
boys	20
bracketed	20
breach	40
break	20
brick	20
bridge	5180
bridge-like	20
bridge._--the	120
bridges_.--_highway	20
bridges|passenger|delivery|single|double	20
briefly	80
brighton	280
brilliant	40
british	20
broadway	120
broke	20
bronx	60
brook	20
brought	60
brownsville	300
brushton	40
builder	20
buildings	1340
builds	20
bureaus	80
busiest	20
busy	140
but	3120
buys	20
by	7780
c	220
called	80
canal	80
canalization	20
canalized	20
cannot	400
canvassing	20
care	80
cared	20
carefully	40
carriages	60
carrick	120
carriers	100
carries	40
carry	320
carrying	200
cars	500
cars--is	20
cases	340
casual	20
cause	40
caused	40
cease	40
celebrated	20
center	1020
central	500
centralized	20
centre	20
cents	20
certainly	100
chainmen	20
chairman	120
champlain	20
chances	20
changes	520
changing	80
channel	220
character	320
characteristic	100
charges	40
charitable	20
charter	20
chartiers	280
charts	40
chas	20
cheap	160
cheapest	20
checked	20
checks	20
cherry	20
chief	60
children	100
choice	20
chokes	20
choose	20
church	20
circuit	40
circulation	40
circumferential	40
cited	20
cities	820
cities.[9	20
citizens	60
city	3780
city's	160
city--details	20
civil	20
civilized	20
claimed	20
claims	20
clair	20
claremont	40
clayey	20
clean	100
cleanliness	20
clear	480
clerical	20
cliffs	40
climb	80
climbing	140
clinging	40
closely	160
closeness	20
closing	120
clubs	20
clyde	60
coal	200
cobbler's	20
code	60
colleague	20
collected	20
college	20
cologne	20
combined	40
comes	120
coming	100
commanding	60
commerce	120
commercialism	20
commercially	60
commission	700
commissioners	20
committee	340
commodious	20
commodities	40
common	120
communities	60
community	80
compact	20
company	120
comparative	80
compared	80
comparison	120
compelled	120
compensated	40
competent	60
competition	60
competitive	40
compilation	20
complaint	20
complete	280
completed	100
compliance	100
complicate	20
complicated	20
complications	20
compressed	20
comprising	20
comptroller	20
computation	20
computer	40
conceivable	20
conceivably	20
concentration	60
concerned	160
conclusion	40
conclusive	20
concrete	20
condemnation	100
condition	240
conducted	60
conduits	20
conferences	40
confirmation	40
confirmed	20
confounded	20
congestion	140
connected	120
connection._--arlington	20
connection._--chiefly	20
connection._--from	20
connection._--improved	20
connection._--starting	40
connection._--there	20
connections	560
connections._--stanton	20
connects	160
consensus	20
consequence	60
consequent	40
consequential	20
conservation	40
consider	160
considerable	480
considerably	200
considerations	100
considering	160
consist	60
consisting	20
conspicuous	40
constantly	100
constitution	20
construct	40
constructing	120
construction	600
constructive	20
consultation	20
consumers	20
contained	20
contemplates	20
continuation	60
continue	120
continued	140
continuous	100
contours	20
contribute	40
contributed	20
contributions	40
control	300
controlling	60
convenience	80
convenient	240
converge	20
convert	40
converting	20
cool	20
copies	160
copy	240
copying	80
copyright	400
corliss	180
corner	400
corps	60
corrected	100
corrections	40
correspond	80
corresponding	100
corrupt	20
cost	1440
could	1260
council	20
counsel	20
count	160
counterbalancing	20
counting	20
courageous	20
course	220
court	120
cover	100
coöperation	60
coördinates	20
crafton	140
cramping	20
crane	20
creating	80
creation	20
credit	20
creeks	20
criterion	20
critical	20
criticism	40
crooked	40
cross-connecting	20
cross-connection	20
cross-streets	20
cross-town	180
crossed	20
crossing._--although	20
crossings	300
crossings._--in	20
crowding	40
culminating	20
curbs	80
cure	40
current	180
curtailed	20
curtin	20
curve	120
custom	20
customary	40
customers	20
cutoff	20
cuts	40
daily	80
damage	80
damage-waivers	20
damaged	40
damming	20
damon	20
danger	60
danube	40
dates	40
datum	20
davis	40
days	320
dealer	20
deals	20
december	140
decent	100
decidedly	40
deciding	20
decisions	20
deck	120
declivities	40
decorated	20
decreasing	20
dedicated	20
deductible	20
deducting	20
deeds	40
deeper	40
defect	60
defective	60
deferred	40
deficiencies	20
define	20
defined	20
definitely	40
degrees	40
delaware	40
delay	180
deletions	20
delinquent	40
delivering	20
demand	180
demonstrates	20
demonstrating	20
denied	40
dense	80
departments	20
dependent	60
depends	100
depreciating	20
depth	240
der	20
derivative	60
derive	20
derived	40
derricks	20
descends	40
described	140
descriptions	40
deserves	20
designed	160
designs	20
desirable	380
destroyed	20
detach	20
detail	100
determination	60
determine	100
determined	180
detour	40
develop	120
developing	60
development	740
devices	20
devoted	80
diagonal	120
diagram	740
dickson	20
did	40
differed	20
difference	100
different	300
difficulties	140
difficulty	220
dignified	60
dimensions	60
diminish	40
diminishing	20
dip	20
direct	660
direction	160
disadvantage	20
disclaimer	60
discontinue	20
discontinued	20
discover	20
discrepancies	40
discussed	180
disintegrated	20
disk	20
displacement	20
displayed	20
disposal	20
disregard	40
distance	380
distance--over	20
distant	40
distinctly	40
distribute	120
distributed	180
distributor	20
district.[11	20
district.[28	20
districts	500
diversion	20
divide	20
divided	60
division	40
do	760
does	360
doing	20
dollars	20
donate	60
donations	300
donors	20
dooryards	60
double	80
double-deck	20
doubtful	20
draft	20
drains	20
draughting	40
dravosburg	220
drawings	40
drawn-out	20
dredged	20
drift	80
drivers	40
driveway	20
driving	60
dropping	40
dumping-grounds	20
dumps	20
during	280
dwellings	20
e	180
e-mail	20
each	940
earliest	40
early	20
earnestly	20
earthy	40
easier	60
easily	380
east	2300
eastbound	60
easterly	20
eastward	400
ebb	20
ebooks	140
economic	80
economically	100
edge	100
edinburgh--an	20
editions	140
educational	20
edward	20
edwin	20
effect	300
effective	140
efficiency	80
efficient	120
efforts	80
eight	20
eighteenth	240
eighth	320
either	400
elect	20
electric	120
elements	40
elevation	420
elevators	40
eleventh	60
eliminating	80
elimination	100
elliott	20
elsewhere,[4	20
embodied	20
embrace	20
embraced	20
eminently	60
employees	40
empty	60
emsworth	40
en	20
enabled	20
enclosed	80
encoding	20
encourage	20
encouragement	20
encroaching	40
end	1840
endangered	20
enforcing	20
engaged	40
engineer	60
engineer's	20
engineering	100
enjoy	100
enjoyment	120
enlarging	40
enormously	20
ensuring	20
entered	20
enterprise	40
enters	60
entertainments	20
enthusiasm	20
entire	180
entity	60
entrances	80
equally	60
equals	20
equipped	20
equity	20
erect	40
erection	140
erie	40
errors	80
especially	520
esplen.[18	20
establish	140
established--it	20
establishing	40
establishment	140
esthetic	60
estimates	40
estimating	60
european	160
eventually	40
evergreen	40
every	420
everybody	20
everything	40
evidence	20
evidenced	20
evident	80
exact	40
examination	40
examined	20
examples	40
excavated	60
except	340
exceptionally	100
excess	20
excessive	200
exchange	20
excluding	20
exclusively	20
excuse	20
executed	20
exempt	40
exist	100
existing	580
expanded	20
expansion	40
expansive	20
expect	80
expectable	20
expeditious	20
expended	60
expenditure	60
expenses	80
expensive	100
experiences	60
experts	40
explanation	40
exposing	20
expressed	40
extended	540
extends	20
extension	1460
extension._--coming	20
extension._--hawkins	20
extension._--kelly	20
extension._--the	20
extension._--west	20
extension._--woodstock	20
extensive	60
extract	20
extraordinarily	20
extravagance	20
extravagant	40
extremely	80
face	60
facilities	380
facility	40
factor	60
facts	120
fairbanks	40
fall	60
falling	60
false	20
familiar	60
far	680
fast-moving	60
favored	40
feasible	80
features	140
fed	20
federal	40
feels	20
fees	80
feet.[6	20
felt	80
fence	20
fewer	20
fields	20
fifteen	60
fifth	1320
fifty-five	20
fifty-foot	20
figures	140
files	40
filing	20
fill	40
filling	280
finally	160
financial	120
find	40
finley	40
first-class	60
first-rate	60
fit	180
fitting	80
fix	40
fixing	20
flanked	40
flat	160
floated	20
floats	40
flooded	80
floods	200
fluctuations	20
foliage	20
follow	280
following	860
foothold	40
footnotes	120
footway	20
for	11480
forbes	1640
force	100
forced	80
forcefulness	20
foreground	40
foremost	20
foreseen	20
foresight	60
forest	20
formal	20
formality	40
format	80
formation	60
formed	80
former	240
forms	160
fort	220
forth	200
fortunately	80
forward	120
foundation	440
foundation's	60
four-line	20
fox	20
fragments	20
frankfort	20
frankfurt's	20
franklin	20
frankstown	280
frazier	20
frederick	240
freeland	60
freely	120
freeport	160
freight	1140
fremont	40
frequently	100
frick	40
front	700
frontier	20
fronting	40
frontispiece	40
frosty	20
full	400
functions	80
fundamental	60
furnish	180
furnishes	20
furnishing	20
furthermore	300
furthest	40
future	600
g	20
gain	60
gaining	20
games	40
gang-planks	20
gaps	20
garden	120
gas	20
gateways	20
gathering	20
gauge	80
gave	20
gearing	20
generally	260
generations	60
generously	40
gentlemen	20
gently	20
george	40
germany	60
ghost	20
girls	20
girty	20
give	660
given	540
gladly	20
glenwood	300
globe	20
gone	40
good	700
good-looking	20
gotten	60
govern	20
governing	20
government	140
grade	1560
gradient[35	20
gradients	1080
gradually	260
grammar	20
granted	40
graphical	20
gratefully	20
grave	20
gravel	120
great	1040
greatest	40
green	20
greenfield	380
greentree	20
gregory	20
ground	160
group	60
grouping	60
grove	20
grow	20
growing	80
grown	40
growth	360
gulleys	40
gutenberg	620
gutenberg-tm	1120
gutenberg-tm's	20
guyasuta	100
gymnasiums	20
habits	40
habitually	20
had	240
half	240
half-block	20
hall	120
hamlet	20
hampton	20
hand	220
hand-to-mouth	20
handicapped	20
handling	180
hanover	20
haphazard	20
happened	20
happiness	20
hard	40
harmless	20
harmon	20
harriet	40
harrisburg	20
hart	20
hauled	40
hauls	20
having	280
hawkins	60
hays	20
hazelwood	220
he	300
healthful	60
healthy	40
hearings	40
hearty	40
heaviest	20
heavy	260
heidelberg	20
height	620
held	60
help	100
her	60
hereby	20
herself	20
high-class	20
high-level	140
higher	340
highland	300
highly	80
highway	180
hill	1180
hill-street	20
hillsides	300
hilltops	60
hit	20
hitherto	20
hold	40
holding	20
hollow	340
home	20
hon	20
hope--of	20
horse	40
hotels	20
household	40
householders	40
houses	140
http://www.gutenberg.org/4/9/9/7/49972	20
http://www.pgdp.net	40
hub	40
huge	40
human	40
humps	20
hundreds	60
hutchinson	60
hypertext	20
i	260
ice	40
idea	60
ideal	140
idlewood	20
if	2220
iii	40
illuminating	20
illustrate	20
illustrated	40
illustrations	80
immediate	180
imply	20
import	40
importance--and	20
important,--the	20
impose	40
imposed	40
impossibility	20
impossible	160
impression	20
impressive	60
improvement._--etna	20
improvement._--from	20
improvement._--grant	20
improvement._--washington	20
improvements	1140
improving	100
in	19320
inaccessibility	20
inaccurate	40
inadequate	60
incalculably	20
incidental	140
incidently	20
inclines	100
includes	40
including	480
incompleteness	20
inconveniences	20
increases	60
increasing	140
indebted	20
indeed	100
indemnify	20
indemnity	20
independently	20
indicate	120
indicated	140
indices	20
indirectly	40
indirectness	20
individual	160
inducements	20
industrial	200
inevitable	20
inevitably	100
influence	80
ingenious	20
injure	40
injured	20
injury	40
inspector	20
inspiring	20
instance	100
instant	20
institute	100
instructions	40
insufficient	60
intact	20
intelligent	100
intended	20
interested	40
interests	480
internal	20
internet	40
interpose	20
interrupt	20
intersecting	20
intersection	60
intervening	20
intricate	20
introduced	40
inundation	20
invalidity	20
invariable	60
invariably	20
investigated	20
investigations	120
inveterate	20
invited	40
involve	120
involved	180
inward	20
irregular	100
irwin	60
is--for	20
isabella	20
island	100
isolated	80
issue	100
issued	20
it	9940
italics	20
italy	20
itself	260
iv	160
jail--masterpieces	20
john	80
joins	20
jointly	20
joncaire	20
jones	40
joseph	20
judged	20
jumonville	20
junctions	20
justified	140
k	100
kaiser	20
keen	20
keep	140
keeping	100
kelly	120
kenmawr	40
kindly	20
kinds	220
king	20
kirkpatrick	40
kittanning	40
klopfer	20
know	20
knowles	20
known	40
kreusler	20
lack	200
lacking	60
laclaire	40
lags	20
lake	120
land	1620
landing	40
landing-stages	20
landowners	20
landscape	160
lane._--from	20
lapse	20
large	1220
large-sized	20
larger	240
lastly	20
launches	20
lausanne	40
lawful	20
lawrenceville	80
laws	240
leader	20
leads	100
leaps	20
least	380
leave	160
lebanon	20
lectures	20
led	40
ledge	20
leetsdale	20
left	220
legal	80
legislation	20
legislature	40
leisure	20
lengthening	20
lengths	20
less	1000
lessened	40
let	20
levels	180
liability	60
liable	40
liberal	20
liberty	1320
liberty.[30	20
libraries	40
library	80
license	300
licensed	20
liens	20
lies	120
lieu	40
lift	20
ligonier	60
like	260
likewise	20
limit	80
limitations	20
lincoln	200
lines	740
linked	20
links	80
listed	20
lithography	20
livable	20
living	160
llc	20
loaded	60
loads	60
local	940
localities	60
locality	240
location	840
lock	80
logical	60
longer	180
look	60
looking	20
loose-leaf	20
lose	20
loss	100
lot	160
lotting	20
low-level	120
lower	400
lowering	20
lowry	20
lowry's	120
lumber	20
lying	60
lyons	100
m	40
machine	20
made	1580
madison	20
magee	60
mail	40
mailing	20
main	2480
maintain	60
maintaining	60
maintenance	80
major	40
majority	120
makes	120
making	380
managed	40
management	180
manaos	20
manner	180
mansion	20
manufacture	20
manufactured	20
manufacturing--it	20
many	760
many-sided	20
mapped	40
maps	560
march	80
marcus	20
marginal	20
margins	20
mariners	20
market-men	20
markets	180
marsh	20
martha	20
masonry	40
material	240
matter	300
may	1480
mccandless	20
mckay	40
mckeesport	60
meadow	180
mean	80
meant	20
measurements	20
measuring	20
medieval	20
medium	120
meet	300
meeting	60
melwood	20
members	60
mentioned	60
merchandise	20
merchants	40
mere	120
merit	20
method	220
michael	20
middle	140
middle-aged	20
middlemen	60
midst	180
mifflin	140
might	580
mile	340
miller	20
miller's	20
millions	60
mills	60
minds	20
minor	20
minutes	20
misfits	20
misleading	20
mississippi	20
mistakes	20
mitigation	20
mobiles	20
moderate	140
modern	300
modifications	60
modified	20
mohawk	20
monongahela	720
monongahela--second	20
monotony	20
monthly	20
months	80
montrose	60
monument	40
monumenting	40
moral	20
more	1960
moreover	60
morningside	60
most	1940
motor	60
moultrie	140
mount	120
mounting	20
mouth	280
move	100
moved	180
movement	100
mr	520
mt	180
much	1340
much-needed	60
mud-bank	20
multigraph	20
munhall	40
must	1300
name	60
named	20
narrow	460
narrowest	20
narrowing	20
natural	320
nature	40
navigable	200
nearby	20
nearer	40
nearly	360
neatly	20
necessary	380
necessitates	20
necessities	20
necessity	140
neck	20
needed	420
needful	40
needs	380
neglected	60
negligence	20
negro	20
neighbors	40
neither	80
net	80
neville	20
newby	20
newsletter	20
next	380
nice	40
nice--easy	20
niggardly	20
ninth	440
no	2760
noblestown	40
non	20
non-standard	20
nor	60
normal	100
north	1320
northeastern	40
northerly	60
northward	60
nose	120
not	3740
notable	60
notably	20
notes	80
nothing	160
notices	20
notifies	20
notwithstanding	20
nov	20
novelty	20
number	580
o	20
oak	40
oakmont	20
object	20
objection	60
objectionable	80
objective	20
observable	20
obsolete	20
obstacle	80
obstructions	40
obtain	100
obtainable	20
obtaining	60
obvious	180
occasion	20
occasionally	60
occupation	40
occupy	40
occupying	40
occurred	20
of	49480
off	160
offered	200
offers	140
officers	40
offices	60
official	160
ohio	780
old	380
oliver	140
omission	20
omit	20
omitting	20
on	8220
once	160
one--the	20
one-sixteenth	20
one-span	20
onerous	20
ones	40
online	120
opened	20
openings	20
operating	40
operation	180
operators	20
opinions	20
opportunities	320
opportunity	600
opposite	240
option	20
or	6620
orchid	40
ordain	20
ordered	20
orderly	20
orders	20
ordinance	20
ordinarily	40
organization	60
organized	20
original	140
others	240
ought	360
outer	20
outlet	260
outlet._--raising	20
outlook	140
outlying	380
outside	240
outweighed	20
over--to	20
overcrowding	20
overdoing	20
overlook	40
overlooking	100
overshadows	20
overwhelming	40
owed	20
owned	100
owner	280
owner's	20
ownership	40
owns	100
pace	40
packages	20
packets	20
page	420
painful	20
pains	80
pamphlet	20
panhandle	180
paperwork	20
paragraphs	80
parallel	120
paralleling	20
parapet	60
paris	280
park._--just	20
park._--northeast	20
parked	20
parks	580
parkway	320
parkway._--a	20
parkway._--it	20
parkway._--the	20
part	1600
particular	60
pass	140
passageway	20
passengers	260
passengers|tonnage	20
passenger|delivery|single|double|pedestrians	20
passes	60
passing	320
patched	20
patchwork	40
path	20
patience	20
patrons	20
pavements	60
paving	100
payments	80
peculiar	160
peculiarities	20
pedestrians,[42	20
penalties	20
penalty	20
pending	20
penn	1040
penn-liberty	160
penny-wise	20
people	640
per	1840
percent	40
perfect	20
perform	40
performances	20
performing	60
perhaps	180
period	200
periodic	20
periodically	20
permanently	40
permission	140
permit	140
perpetuate	20
perrysville	40
person	80
personally	20
perspectives	20
pertaining	40
pg	20
philadelphia	160
phrase	80
physical	280
pictorial	20
picturesqueness	40
piecemeal	140
pieces	120
piercing	20
piers	440
pike	300
pinched	20
pipes	20
pit	20
pittsburgh--allegheny	20
pittsburgh--monongahela	20
place	560
placid	20
plainly	20
plan	1720
planning	520
plant	20
planting	40
plat	20
plates	20
playfields	40
playground	280
playground.[14	20
playground._--at	40
playground._--in	20
playground._--the	20
plays	40
pleasure	280
plot	20
po	20
pocketed	20
pockets	40
pointed	20
points	640
political	20
population	180
port	20
portion	580
position	20
positive	40
possessed	20
possibilities	20
possibility	80
possible	980
possibly	60
post-office	20
posted	80
posts	20
potentially	20
pound-foolish	20
pounds	20
power	180
practical	100
practice	40
pre	40
precedents	20
precipitous	220
precise	100
predominance	20
preferred	60
prejudice	20
premature	20
premium	20
preparation	200
prepare	40
prepared	100
present	1960
present._--the	20
press	20
pressing	40
pressure	20
prevail	40
prevailing	100
prevented	40
prevents	20
previous	20
price	60
price's	20
primarily	20
primitive	100
principally	20
principles	20
print	20
printing	40
prism	20
private	320
probability	40
probable	120
probably	500
problem	600
procedure	420
proceeded	20
proceedings	20
process	180
process,[10	20
processing	20
producers	20
production	20
productive	40
professor	20
profile	40
profits	20
progress	40
progressive	20
prohibition	20
prohibitive	40
project	1760
projecting	20
promenade	220
prominently	40
promoters	20
promoting	40
promotion	20
promptly	60
pronounced	20
properly	100
properties	140
property	760
proportions	20
proprietary	20
prosaic	20
prospects	20
prosperity	20
protect	60
protecting	20
protection	40
protective	20
proves	20
provide	580
provided	580
provision	240
proximity	20
prussian	20
public	1580
purchase	100
purchaser	20
purely	20
purpose--an	20
purposes	520
put	220
qualities	20
quality	80
quantity	20
quarter--for	20
quarters	40
quasi-public	20
quays	80
queens	120
questions	80
quick	20
race	40
radial	120
radiating	20
railroads	260
railway	120
rains	20
raising	260
ramps	20
range	20
rankin	280
rapidly	20
rarely	20
rates	40
ratio	20
ravine	360
re-alignment	120
re-surveyed	20
re-use	40
reach	340
reaches	60
reaching	240
ready	100
really	60
realm	20
rearrangement	20
reasons	160
rebecca	40
rebuild	20
rebuilt	220
rebuilt.[12	20
receive	80
received	140
recent	80
recognition	20
recognizes	20
recommendation	20
recommended	400
reconstructed	40
reconstructions	20
record	180
recording	20
red	20
redistributing	40
redistribution	60
reduces	20
reducing	80
reduction	100
reference	200
reform	20
regard	320
regarding	20
region--the	20
regions	160
registry	20
regrading	60
regulations	40
reinforced	20
relate	20
related	100
relations	20
relatively	80
release	60
relief	80
relocate	40
relocated	20
remainder	20
remained	40
remains	100
remarks	20
removing	20
rendered	20
renders	40
rentals	20
reported	40
reports	120
representative	20
represents	20
request	40
require	240
require--6	20
required	500
requirement	20
requisite	40
research	40
residences	40
residents	80
resources	40
respectively	20
respects	20
respond	20
response	20
restricted	20
restrictions	60
result	300
resulting	80
retail	240
retailers	40
retain	40
retaining	200
retarded	20
retired	40
returns	40
reward	20
richard	80
richardson	20
ridge	280
rights	20
rigid	20
rise	260
risk	20
river--average	20
river-boat	20
river-bottoms	20
river.[44	20
riverbanks	20
rivers	520
rivers._--"the	20
riverside	180
road--forms	20
road._--just	20
road._--troy	20
road._--washington	20
roadbed	40
roads	260
roadway	320
rob	20
rodmen	20
room	500
ross	160
rough	20
rounded	20
route	720
rules	40
run	2220
running	480
s	200
s/he	20
sacrifice	60
safe	40
said	80
saint	20
sale	100
saloons	20
samuel	20
sanitary	40
sassafras	100
satisfy	20
save	20
saved	80
sawmill	400
say	140
scarce	20
scattered	80
scenic	40
scheme	80
schenley	160
scholastic	20
scows	20
sec	20
secluded	60
seclusion	40
section	1180
secure	260
secured	640
sedgwick	20
see	320
seems	500
seen	100
segregate	20
selected	20
self-respect	20
self-respecting	20
sells	20
seneca	60
sentence	40
separate	120
separated	60
september	40
series	60
seriously	100
seriousness	20
serve	220
served	220
service	100
sets	40
settled	60
settlement	100
seven	20
seventeenth	40
seventh	400
sewerage	40
sewers	100
shabby	20
shade	60
shaded	60
shafts	20
shale	80
shaler	60
shalerville	40
shameful	20
shannon	120
shape	100
share	40
shared	20
sharon	20
sharply	40
sharpsburg	340
sheds	40
sheet	60
sherrard	20
shifted	40
shipped	40
shore	20
short-circuited	20
short-sighted	60
shorter	80
should	3920
show	140
showing	420
shown	320
shrubs	40
side	2260
side-wheel	20
side._--the	20
sidenote	680
sidewalks	140
sidings	40
sight	100
sign	20
significance	20
significant	20
silver	80
similar	120
simplest	40
simplify	20
site	460
situated	80
six-line	20
sixty	40
size	260
sized	20
skill	100
skimped	20
skirt	40
skirting	20
sky	20
slight	100
slope	120
slumping	40
small	660
smallman	20
smithfield	220
smoke	40
snyder	20
soho	380
soho._--at	20
sole	20
solicit	40
solid	100
solution	180
solve	20
sometime	20
somewhere	20
soon	300
sordid	40
sore	20
sorts	20
sound	20
source	40
south	3000
southerly	100
southward	100
spaces	40
spacious	20
spang-chalfant	40
spanned	60
spans	100
spared	40
sparsely	20
special	620
specialization	20
specialized	20
specifying	20
speculative	20
speed	20
spellings	20
spends	20
spirit	40
spite	60
splendid	40
splits	20
sports	20
sprague	20
spread	100
spring	260
square	460
squaw	180
squirrel	180
st	420
stable	40
stadtebau	20
staffs	20
stages	200
stairways	20
stalls	60
standard	160
stands	80
stanton	140
started	60
state	160
state's	20
stated	60
statement	20
station--in	20
stations	60
statistics	60
statutes	20
steadily	100
steamboats	20
steel	80
steep	880
steps	100
stimulates	20
stimulating	20
stockton	20
stone	160
stood	20
storage	20
store	20
stored	20
stories	20
strain	20
strata	60
stratford	20
strawberry	40
streams	60
street	15200
street,[21	20
street._--a	20
street._--east	20
street._--frankstown	20
street._--on	20
street._--south	20
street[41	20
streets,--rebecca	20
streets.[8	20
street|oct	20
strength	80
stretch	20
stretches	40
strict	20
striking	140
strips	40
strong	20
structure	100
strung	20
studies	120
study	280
studying	40
stumbling	20
style	20
stübben's	20
subdivided	60
subdivision	20
subjects	40
subjoined	20
submitted	60
substantially	200
subway	20
success	240
succession	20
such	2620
sudden	40
suffer	20
suffice	20
sufficiently	20
suggested	240
suggestions	40
suggests	20
suitability	20
suitable	100
sum	40
summarize	20
summarized	60
summed	20
superintendents	40
superstructures	20
supervision	20
supplement	20
supplies	140
supply	80
supplying	40
support	100
supporting	20
supposed	60
sure	60
surface	200
surpass	20
surrendered	20
surrounded	60
surroundings	140
surveyed	20
surveyor	20
surveys	720
swarms	20
swift	20
swissvale	120
switzerland	40
sycamore	120
sylvan	60
sylvania	20
symons	140
system	980
tables	60
take	300
taken	420
talked	20
tap	20
tapes	40
tapping	20
tax	200
taxes	180
taxpayers	20
taxpaying	60
taylor	40
team	140
team),--.9	20
teaming	160
technical	100
telling	20
temporary	40
ten	120
tend	60
tentatively	20
tenth	260
terminals	20
terms	480
terraces	40
terracing	20
territorial	20
tested	20
tests	40
text	40
than	2120
thanks	20
that	8080
the	95770
then	440
thence	360
theoretically	20
theory	40
thereby	120
therefor	20
therein	80
thereof	160
thereof--is	20
thereon	100
thereto	20
these	2060
thick	20
things	160
thinks	20
third	340
thirtieth	200
thirty-first	80
thirty-fourth	40
thirty-nine	20
thirty-sixth	20
thoroughfare--a	20
thoroughfare--the	20
thoroughfare._--from	20
thoroughfare._--returning	20
thoroughfares	1320
thoroughly	20
those	1000
though	300
thought	60
thousands	20
three-level	20
three-quarter	20
three-span	40
throats	20
throngs	20
through	1740
throughout	260
ties	20
tilley	20
timber	20
time	760
timid	20
to	29960
today	40
ton	180
top	240
topographical	420
topography	220
torn	20
totally	20
totals	40
toward	140
towboats	60
tower	20
towns	20
townships	160
tows	60
track	140
tracks--and	20
trademark	220
trademark/copyright	20
trading	20
traffic	2900
traffic._--the	40
traffic_.--the	20
traffic_.--to	20
trails	20
trains	80
transcribe	20
transcriber's	20
transcripts	20
transfer	60
transferring	20
transit	20
transitmen	20
translation	20
transmissal	60
transverse	20
travel--or	20
traveled	40
traversing	60
treasurer	20
treated	60
trees	180
triangular	20
triangulation	120
trouble	60
troublesome	40
trunk-line	20
try	220
tugs	120
tunnel--and	20
turn	120
turning	40
twelve	40
twenty	60
twenty-eighth	140
twenty-third	20
two-level	60
two-line	20
two-span	20
two-thirds	20
twofold	20
types	220
typewritten	20
typographical	20
u	100
ugly	20
ultimate	80
unable	20
unchanged	40
uncomfortably	20
unconstitutional	20
underground	40
underscores	20
understood	120
undertaken	60
undertook	20
undeveloped	80
undisturbed	20
undoubtedly	140
uneconomical	60
unenforceability	20
unfair	20
unfavorably	20
unfitness	20
unfortunate	20
uniformly	20
unimportant	20
uninterrupted	40
union	120
unite	20
united	680
units	60
universal	20
unjustifiable	40
unlikely	40
unlink	20
unload	20
unloading	60
unnecessarily	20
unoccupied	40
unparalleled	20
unpromising	20
unprotected	20
unreasonable	80
unreasonably	20
unsatisfactory	20
unsightly	80
unsightly,--with	20
unsolicited	20
unsymmetrical	20
untaxed	20
unusual	60
up	1700
updated	20
uplands	60
urged	140
urgency	20
urgent	140
usage	20
use	1240
used	420
usefulness	60
user	60
usually	100
ut	20
utilizing	20
utterly	40
vacant	200
valley	1900
valley.[29	20
valley._--another	20
valleys--and	20
value	1140
value.[32	20
valued	60
vanilla	40
variation	20
varied	80
various	520
vehicles	540
vehicles--4	20
vehicles--between	20
vehicles|trucks|trucks	40
velocities	60
velocity	20
ventilating	20
ventilation	20
ventilators	20
verification	20
verona	20
vessels	380
viaducts	60
vicinity	160
view	380
viewing	20
viewpoint	40
vigor	40
vines	20
vinial	20
violates	20
virus	20
visit	40
volumes	20
volunteers	120
w	240
wage-earning	20
wagons	360
walk	40
walking	20
wallace	20
walls	100
wanted	20
wanting--direct	20
wants	20
was	900
wasteful	40
wastes	20
wasting	20
watch	60
water	1140
water's	20
water-born	20
water-front	80
water-sheds	20
waterways	60
wave	20
way	840
wealth	20
wear	40
weighed	20
weights	60
well-paved	20
well-recognized	20
weller	20
were	480
west	1900
west[25	20
westerly	80
westward	140
westward._--the	20
wharton	20
where	1960
whereas	60
whether	100
which	4260
while	420
whim	20
whitaker	20
whole	740
wholly	160
whom	80
whomsoever	20
wide	720
widen	280
widened--the	20
widening	1640
wider	60
widths	140
wilkins	120
wilkinsburg	240
william	20
willingness	20
winter	20
wisconsin	20
wisest	20
wish	60
withheld	20
within	500
wood	40
woodstock	100
woodville	40
wooster	20
words	20
work	1840
working	120
workmen	20
worthy	60
would	4100
wrench	20
written	60
www.gutenberg.org/contact	20
wyandotte	20
xi	40
xiii	60
yards	320
year	400
york	400
you	1460
youghiogheny	60
youngsters	20
your	260
zones	20
zurich	40
¹/₅₀₀	20
█|2,228,270	20
██|2,344,398	20
██|2,796,122	20
▕	120
0	200
1,043,020	20
1,045,570	20
1,159,084	20
1,185,250	20
1,247,020	20
1,500,000	20
1,506	20
1,580	20
1,681	20
1-4	20
1.3	20
1.a	20
1.c	40
1.e	40
1.e.2	20
1.e.4	20
1.e.6	20
1.e.8	80
1.f.1	20
1.f.3	100
1.f.5	20
10,184	20
10.1	20
10.29	20
10.89	20
100-112	20
101	40
101-106	20
101-122	20
105	40
105,000,000	60
109	20
11	300
11,000,000	20
11,455	20
113-116	20
115,851|202,429	20
116	40
118	120
11th	20
121	100
123	40
123-128	20
125	40
128-132	20
129	20
13	200
13,000	20
13,240,010|[41]1,879,140,750	20
13,950	20
13-nov	20
133-165	60
134	20
138	40
138,114	40
138-140	40
14.3	20
141-144	20
145	20
145-151	20
147,095	20
149,862,600	20
15	240
15.4	20
150	100
1500	20
154	20
156	20
15th	20
15½-foot	20
160,395	40
161	40
162-165	60
163	20
17	400
172.0	20
18,430	20
18,700	20
18-foot	20
18.3	20
185,158	20
1870	40
1872	20
1874	20
189	20
1898	20
19	120
19.2	20
1902	40
1911	80
1913	20
1915	20
1935	20
198	20
19th	20
1]haights	20
1]hamilton	20
1a	40
1a[38	20
2	840
2,019	20
2,022	20
2,127,585	20
2,201,473,500	20
2,495	20
2,628	20
2,664	20
2,750,000	20
2,901,837	20
2.22	20
2.8	40
20	180
20,000,000	40
20.4	20
20.44	20
200	80
2015	20
217,000	20
22	140
220	20
23.3	20
231	20
24	180
24,330,000	20
24,335,982|████████████████▌	20
24,408	20
24,583	20
24.2	20
24´	20
25,904	20
26	140
26,523	60
260	20
27,098,291|████████████████████████████████████	20
27.92	20
2710	20
273	20
2763	20
28	260
283,041	20
28´	20
29,102	20
29,146	20
29,212	20
29.1	20
293	20
2a[42	20
3,119	20
3,500,000	20
3,519	20
3,869	20
3,940	20
3,979	20
3.5	60
3.7	20
3.74	20
30,889	20
31	180
31-34	20
31-92	20
311,090	20
311,090|▎	20
33	160
334,613	20
337.5	20
338	20
34-37	40
35	140
35,000	40
351,400|19,929|75,555	20
358	20
36,759	20
37	240
37,888	20
37-43	20
37´	60
380,243	20
39	100
3½	140
4	680
4,534	20
4,800	20
4,877,495|██████▌	20
4,925	20
4.0	20
4.35	20
4.6	20
4.75	40
4.8	20
4.93	20
40	280
400	20
404,905	20
42	160
428	20
42´	60
430,980	20
4394	20
43]weight	20
44	140
44-56	40
455	20
46	60
48	160
4877	20
489,416	20
495	20
49972-0.txt	20
4¾	20
5,102,000	20
5.52	20
5.8%[34	20
51	80
51,457	20
53	120
53,000,000	20
53,622	20
530	20
54-foot	20
55	100
55,118	20
556,154	20
56,324	20
57	300
577,320	20
59	460
6	380
6,585.60	20
6-9	20
6.3%[34	20
6.35	20
6.5%[34	20
60	460
600	20
613	20
62	300
622	20
6329	20
64	360
64-6221541	20
66	240
68	280
6800	20
6th	80
7.5	20
7.89	20
705,147	20
71	380
718	20
72,854	20
72_b	40
73	280
732	20
73_a	60
73_c	40
74-75	20
75	500
77	320
77,330,000	20
785,147	20
789	20
79	420
7½	20
8	360
8,165	20
8,961	20
8.06	20
8.13	20
80	560
80,000	20
800	20
816,333|█	20
82	160
84	160
84116	20
848	20
86	240
868	20
9,351	20
9,366,973,935	20
9,706	20
901	20
93	60
93-100	20
95	100
958	20
96,485	20
987	20
99	20
99,300,075|137,696,104|203,896,154|270,096,204	20
abandoned	120
ability	80
able	180
abnormal	20
abolish	20
abrupt	20
absolutely	60
abuse	20
abutters	100
abutters--call	20
abutting	200
accept	20
accepting	40
access	420
accessibility	20
accessible	180
accidents	20
accommodation	60
accompanied	40
accomplished	40
according	20
accumulated	20
accurate	260
accustomed	20
acquire	40
acquired	20
acquirement	20
acres	300
act	180
act.--defining	20
action	160
active	180
actual	200
acute	20
adapt	40
adaptability	20
added	140
addition	140
address	40
addresses	20
adds	40
adequate	240
adhering	20
adjacent	420
administration	60
adopt	20
adoption	80
advance	80
advanced	60
advancement	20
advantageous	60
advantages	200
adverse	20
advertising	20
advice	20
advocates	20
affected	80
affidavit	20
afford	100
after	260
again	260
aggressive	20
agree	200
agreeable	140
agreed	20
agreement	400
aid	20
air	40
ak	20
alexander	80
alexander's	20
all-round	20
allen	80
allentown	20
allowance	40
allowed	100
almost	580
alongside	40
already	560
alter	60
alternate	20
although	280
aluminum	20
am	20
amanda	120
america	100
american	160
amidst	40
among	160
amount	840
amounting	60
anachronistic	20
analysis	60
angelo	20
angles	40
anno	20
annoyance	20
annoyed	20
annually	40
anticipate	20
antiquated	40
any	2600
anyhow	20
anyone	100
anything	100
apart	140
apparently	120
appearance	160
appears	220
appliances	20
application	40
applies	20
apply	40
appointed	20
apportionment	20
appreciable	60
approach	740
approaches	380
appropriation	80
april	160
arbitrary	60
archive	260
archive/canadian	40
archways	20
ardmore	140
are	5800
area.[24	20
areas	280
arise	40
arlington	140
arnold	120
arranged	80
arrangement	200
arrears	20
arriving	60
artificial	20
artists	20
as	7220
ascending	20
ascertain	20
aside	20
asked	40
aspect	40
assailed	20
assembly	20
assess	20
assessors	60
asset	60
assistance	40
assistant	140
associated	180
associations	20
assume	60
assumed	60
athletic	20
atlantic	40
attached	40
attained	60
attempted	20
attempts	20
attention	80
attitude	20
attractiveness	60
automobiles	180
avenue	9120
avenue,--cross	20
avenue--although	20
averaging	80
avoided	60
avoids	40
avon	40
await	160
awakened	20
away	140
axemen	20
b	340
backed	20
balance	40
bank	540
bare	20
barefoot	20
bargain	20
bargaining	20
barge-load	40
barges	300
bark	20
barren	20
barriers	20
basements	20
basic	20
basis	180
batavia	140
bathe	20
bear	80
bearing	120
beauty	340
because	800
becomes	320
becoming	40
beechview	180
beechwood	440
been	1580
beg	40
beginnings	20
begins	60
behavior	20
behind	60
beings	40
believe	40
believed	220
bellefield	260
bellevue	40
beltzhoover	80
bench	80
benches	100
bends	40
beneficial	20
benefited	80
benno	40
berlin	60
bessemer	60
best	800
bethel	20
better	400
between	2040
big	60
bigger	20
bion	60
blackadore	20
blank	20
blockades	20
blocks	100
board	120
boat	100
bodies	20
body	20
boggs	40
boggstown	20
bolder	40
bonded	20
books	20
boquet	40
border	20
borne	120
borough	160
bothersome	20
bottle	20
bottle-neck	20
bottoms	20
boulevard	1540
boulevard._--east	20
bound	140
boundaries	240
boundary	200
braces	20
braddock	500
brady	120
branch	540
branches	120
branching	80
brazil	20
breadth	20
bride	20
bridge,--that	20
bridge--a	20
bridge-builders	20
bridge-building	20
bridge._--butler	20
bridges	3640
bridges._--in	20
bridges._--the	60
bridges|pedestrians|[39]gross|[40]total	20
bridging	20
brillant	20
bring	100
bringing	20
broad	160
brooklyn	60
brown's	40
brunner	20
budapest	80
build	60
building	1040
buildings--the	20
built	560
built-up	60
bulk	40
burden	180
bureau	360
burns	40
business	1460
butler	500
buy	20
buying	20
by-products	20
calculate	20
calculated	20
california	200
call	40
can	2500
canals	80
capacity	360
capital	40
car	380
card	20
careful	80
carfare	20
cargo	60
cargoes	100
carnegie	80
carriage	20
carried	420
carrier	60
carson	380
case	480
castle	120
cathedral	20
caughey	20
causes	20
causing	40
ceases	20
cemetery	40
cent	1380
cent.[36	20
center-pier	20
centered	20
centers	40
century	40
certain	560
chance	40
change	380
changed	60
channels	320
channels._--for	20
characteristics	40
charge	220
charged	80
charities	20
charlene	40
charles	200
charters	20
cheaper	60
cheaply	40
cheapness	20
check	80
chestnut	180
chicago	120
chiefly	120
chislett	20
chronically	20
chubb	60
circuitous	60
circumstances	160
citizen	20
city--should	20
city--the	20
civic	700
claim	20
class	120
classes	60
cleaned	20
cleanly	20
clearance	440
cleared	20
clearly	120
climatic	20
climax	80
climbs	20
close	220
closed	20
closer	20
clothing	20
club	20
co-operative	20
coast	60
codes	20
col	60
collection	120
colonel	180
columbia	20
colwell	20
come	200
comeliness	60
comfortable	40
commercial	580
committed	20
commonly	20
commonwealth	20
communication	40
comparable	40
comparatively	200
compensation	40
compilations	20
completely	20
completion	60
complex	60
complexity	20
complication	40
comply	120
complying	60
composed	60
comprehensive	320
comprise	40
computers	60
concentrate	40
concentrated	60
concept	40
conception	20
concern	40
concerning	40
concert	20
conclusions	120
concurrently	20
condemn	20
conditions	700
conducting	20
confined	100
confinement	20
conflicting	20
conform	120
conforming	100
conformity	20
congested	60
congress	60
conjunction	20
connect	340
connecting	320
connection	2520
connection._--on	20
conscious	20
consequences	20
consequently	60
consideration	320
considered	380
consistent	20
consists	80
consolidation	20
constant	20
constitutional	20
constructed	120
constructions	40
consumer	80
contact	160
contain	40
containing	20
contemplate	20
contemplated	60
contents	40
contiguous	40
contract	20
contrast	80
contributing	20
contribution	20
controlled	120
converted	20
cooperate	20
copied	40
corners	20
corporation	20
correct	40
correcting	20
correction	20
correspondingly	20
corresponds	40
cost.[2	20
costly	280
costs	140
councils	40
countries	40
country	620
counts	80
counts.--table	40
county	440
coupled	40
courteously	40
courtesy--has	20
courts	20
covered	120
covers	20
coördinate	100
craft	60
crafton-carnegie	100
craig	60
cramped	120
cranes	60
create	20
created	80
creek	320
creek._--south	20
cross	240
crosses	40
crossing	940
crossing._--chartiers	20
crossing._--the	20
crossings._--near	20
crowded	20
crowned	40
crying	40
crystallized	20
curb	220
currents	60
curtailment	20
curving	20
cut	740
cut,--its	20
cutting	420
d	120
dam	160
damages	280
damages.[7	20
damaging	20
dance-halls	20
dances	20
dangerous	100
dashes	20
data	360
date	180
dated	20
day	200
dead	20
dead-end	40
deal	140
dealers	100
dealing	40
dealt	20
dear	20
debouching	20
decide	60
decided	120
decked	20
declare	20
declared	20
decline	100
decoration	40
decrease	20
decreased	40
dedication	60
deduce	20
deemed	60
deep	200
defacement	100
defects	20
definite	100
degree	120
delayed	20
delays	60
deliberately	20
delivered	60
delivery	60
demanded	40
demands	100
density	20
department	60
departure	20
depend	60
deplorable	40
depths	20
descend	80
descending	80
descriptive	20
design	420
designated	40
designing	20
desire	60
desired	140
desperately	20
despite	20
destination	20
destined	60
destroy	60
destroying	20
destruction	80
detached	20
detailed	140
details	120
determining	20
detriment	20
developed	200
development.[17	20
developments	160
device	20
devised	20
diagonally	40
diagrams	120
diamond	500
differences	60
difficult	240
dignity	40
dimensions--eighty-foot	20
directions	60
directly	380
director	20
dirty	20
discharge	20
disclaim	20
disclaimers	20
discommode	20
discovered	20
discovery	20
discussion	80
disintegrating	20
display	40
displaying	80
disregarded	40
distances	120
distinct	80
distinctive	40
distinguished	20
distributing	220
distribution	200
distribution--accessibility	20
district	2360
district--from	20
district.[3	20
district._--a	20
dithridge	40
diverting	20
dividing	60
divisions	40
domain	40
dominant	20
dominates	20
domini	20
donation	20
done	460
donnell	20
dooryard	20
dotted	20
doubt	140
down	1440
downloading	20
downward	20
dr	40
draftsmen	20
dragged	20
dravosburg._--from	20
draw	20
drawbacks	40
drawbridges	20
drawing	20
drawn	60
dredging	20
drive	140
drive,[27	20
drive.[16	20
driven	20
driveways	20
dropped	20
due	300
dump	40
dumping	20
duquesne	320
duties	20
duty	60
dwelling	20
earlier	60
eastern	180
easy	620
ebook	260
economical	320
economy	120
edgewood	120
edinburgh	20
edition	20
effectively	60
effectiveness	40
effectually	20
effort	100
eighteen-foot	20
ein	20
elbe	20
electronic	540
electronically	40
element	140
elevated	60
elevations	40
eliminated	120
ellsworth	160
elsewhere	60
email	40
embankment	120
embodying	20
embraces	20
emphasis	40
employee	20
enacted	40
enclosing	60
encouraging	20
encroached	20
end._--braddock	20
endemann	20
endowed	20
ends	180
energy	100
enforce	20
engineer-in-charge	20
engineers	460
english	80
engraved	20
enhance	20
enjoyed	20
enlarge	20
enlarged	80
enlargement	20
enormous	100
enough	480
enter	40
entering	40
entirely	180
entrance	260
entrusted	20
equal	180
equipment	160
equitable	20
erected	140
erects	20
essence	20
essential	240
established	160
establishments	40
estate	120
estella	20
estimate	40
estimated	140
etc	180
etna	320
euclaire	20
europe	120
even	740
ever	60
ever-present	20
everywhere	20
evidences	20
evil	20
ewing	20
exactly	20
example	180
exceed	100
exceeding	20
excellent	20
excepted	20
exceptional	20
exceptions	40
excessively	20
excluded	20
exclusion	40
excursion	20
executing	20
execution	20
executive	40
exercise	60
exercised	80
exhaustive	20
existed	20
existence	20
exists	100
expected	160
expend	40
expenditures	60
expense	300
experience	120
experiments	80
expert	20
explained	20
exploitation	20
exporting	20
express	60
expressing	20
extend	240
extending	340
extension._--as	20
extension._--from	40
extension._--murray	20
extension._--princeton	20
extensions	120
extensions--butler	20
extensively	20
extent	240
extra	60
extravagantly	20
extreme	160
eyesore	20
f	120
faces	20
facilitate	20
facilitated	40
facing	40
fact	420
factories	60
factors	60
fail	40
failure	40
fair	120
fairhaven	160
fallacy	20
fallen	20
falls	40
families	40
family	20
far-sighted	20
farmers	220
farming	20
farther	40
fast	20
favor	40
favorable	60
favorably	20
feature	120
february	60
fee	180
feed	20
feeders	20
feeding	120
feel	20
feet	3120
feet[5	20
fences	20
ferry	20
few	300
fidelity	20
field	240
fifty	20
figure	100
figured	20
file	120
filled	80
filter	20
final	140
fine	40
finer	20
firm	40
first	1000
fitness	20
fitted	40
five	80
fixed	300
flat-house	20
flatness	20
flats	20
flatter	40
flesh	20
floating	220
flood	500
flood-protection	20
floor	20
flourishing	40
flow	20
flowers	20
flowing	20
folded	20
followed	140
follows	260
folly	20
food	60
foot	180
forces	40
fords	20
foremen	20
forestall	20
forgotten	20
fork	20
forlorn	20
form	460
formats	40
formerly	20
forming	40
fortifications	20
fortunate	20
forty	20
forty-third	340
found	200
four	180
fourth	180
fraction	20
framework	60
framing	20
franchises	20
free	320
freed	40
freedom	20
freeman	20
freer	20
frequent	80
friend	20
friendship	20
from	7440
frontage	420
fronts	100
ft	40
fuel	20
fulfil	20
fulfill	20
fully	160
funds	20
furnished	120
further	480
gap	160
gardener	20
gardens	60
garfield	40
gates	20
gathered	40
gbnewby@pglaf.org	20
general	1420
generation	60
generous	40
geneva	20
geodetic	40
geological	20
german	60
get	340
getting	140
gives	180
giving	120
glance	40
go	160
goals	20
goes	40
going	60
goods	100
got	20
governed	20
governments	20
grades	300
gradient	1820
grading	40
gradual	140
grandeur	20
grandstand	20
grant	760
graphically	60
grappling	20
greater	580
greatly	300
greensburg	220
grooved	20
groping	20
gross	100
grounded	20
grounds	120
grouped	40
groupings	20
groups	20
grows	40
guarded	20
guidance	20
h	160
haberman	20
habit	20
haights	340
hamilton	180
hampered	20
handle	20
handled	20
hands	60
happening	20
happy	20
harbor	480
hardly	140
has	2460
haul	40
hauling	40
have	2380
hazen	20
head	360
health	60
hear	20
heart	120
heavier	80
heavily	20
heavily-loaded	20
heights	480
heights._--disregarding	20
heinz	60
helpful	20
henrietta	20
here	480
herewith	100
herron	20
herrs	20
hesitancy	20
hidden	20
high	1000
high-level|low-level	20
highest	140
highlands	20
highways	100
hills	1100
hillside	1340
hillside._--another	20
hillside._--the	20
hilltop	240
hilly	60
him	40
hindrance	40
his	260
historical	20
hobnobbing	20
hoboken	40
holder	80
holdings	20
holiday	40
hollows	20
holy	20
homes	20
homestead	140
homewood	40
honor	40
hope	60
hope--sometimes	20
hoped	140
hoped-for	20
horace	20
horizontal	20
horse-drawn	60
horses	40
hospital	20
hour	60
hour's	20
house	260
how	240
however	380
howley	160
hump	560
hundred	200
hydrograph	20
hydrographic	20
ideally	20
ideas	20
identification	20
identify	20
ignore	20
ii	380
illiberal	20
illustrates	20
illustration	1780
images	40
imagined	20
imbued	20
immediately	120
impair	20
impartially	20
impede	20
imperative	40
implied	60
importance	740
important	1440
imposes	20
impounding	20
impracticable	140
impressiveness	20
improve	140
improved	520
improvement	2040
improvement._--at	20
improvement._--bridge	20
improvement._--miller	20
improvement._--the	60
improvements--the	20
inaccuracy	60
inapplicable	20
inch	40
inches	40
incident	40
incidentally	60
incline	120
inclined	20
include	140
included	140
inclusive	20
incompetency	20
incomplete	40
inconsiderate	20
inconvenience	140
inconvenienced	20
inconvenient	20
incorporated	20
increase	540
increased	400
increasingly	20
indebtedness	20
indefinitely	40
independent	160
index	140
indexing	40
indicates	80
indicating	20
indicative	20
indirect	100
indisputable	20
induced	20
inducement	20
industries	40
industry	20
ineffective	20
inefficient	20
inferior	20
influencing	20
informal	60
informality	20
information	360
infrequently	20
infringement	20
ingenuity	20
ingram	20
initial	20
injurious	20
inland	40
inlet	20
inner	20
inordinately	20
inserted	20
insist	20
inspectors	20
instances	40
instead	180
instruments	40
intellectual	40
intelligently	40
intending	20
intercommunication	20
interest	220
interesting	240
interfere	80
interference	160
interim	20
interior	40
international	20
interpreted	20
intersections	20
intervals	80
intimately	20
into	1140
introduction	140
investigation	120
inviting	20
involves	100
involving	40
iron	40
irreconcilable	20
irreducible	20
irs	20
is	16260
italian	40
ithe	10
its	3120
j	260
jagged	20
janssen	40
january	20
jefferson	60
jog	20
join	140
joining	160
joint	20
judging	20
judgment	20
julius	20
july	20
junction	680
june	40
just	720
justifiable	40
justification	40
justifies	20
justify	80
keeps	20
kennywood	40
kept	140
kiehnel	40
kind	60
kinnear	20
knowledge	40
knox	20
knoxville	20
l	40
laborers	20
laborious	20
lag	20
laid	240
land[20	20
lands	300
landscape--the	20
landscapes	20
lane	100
lang	120
language	20
largely	180
largest	40
larimer	120
last	120
later	60
latter	640
law	440
lawn	40
lay	80
layers	40
laying	40
layout	140
lead	140
leading	300
learn	20
leaves	40
leaving	180
ledges	40
lee	20
legally	80
leipzig	20
length	200
lengthened	20
lessening	20
lesser	40
letter	60
level	860
levelers	20
leveling	40
lie	60
lien	40
life	100
life's	20
lifted	60
light	260
lighting	20
likely	240
limitation	60
limited	480
limits	80
line	1680
lined	40
link	160
linking	20
list	40
literary	260
lithographic	20
little	860
live	80
load	40
load--19	20
loading	60
locally	40
located	320
locations	300
lofty	20
london	40
long	540
longitudinal	20
looks	40
loose	60
lots	300
louis	20
low	400
low-lying	20
lowered	100
lowest	40
lowlands	20
loyalty	20
lyons--a	20
machinery	20
magnitude	40
mailed	20
mainly	60
maintained	120
make	640
man	60
manhattan	20
manufacturers	40
manufacturing	160
manure	20
map	440
mapping	20
margin	20
marion	20
marked	120
market	1260
marketing	20
marks	60
markup	40
massing	20
materially	220
matters	20
maximum	580
mayor	140
mcfarland	20
mckees	140
me	20
meadows	40
means	580
meantime	20
measure	60
meets	20
meissen	20
melting	20
men	20
mention	20
merchantability	20
merely	200
met	140
methods	120
metropolitan	40
michigan	40
mighty	40
miles	200
million	40
millvale	280
mind	140
minersville	20
mingled	20
minimize	40
minimum	300
minsinger	20
miscellaneous	20
mischief	20
mission	80
mistaken	20
models	20
modification	40
moment	60
money	180
monitor	20
month	20
monumental	80
monuments	140
moored	20
morewood	20
morris	20
morse	80
mostly	120
mothers	20
mountainous	20
movements	40
moves	20
moving	60
much-desired	20
mud	20
mud-banks	20
municipal	120
municipalities	20
muriel	20
murray	80
my	100
myself	20
n	20
narrower	40
naturally	40
navigation	660
near	240
necessarily	40
necessitate	20
need	580
needlessly	20
neglect	40
negley	180
negligible	20
neighborhood	300
neighboring	60
network	20
never	160
nevertheless	60
new	2960
newcomer	20
nile	20
nine	120
nineteenth	20
noble	40
nobly	20
non-tidal	80
none	60
nonproprietary	20
normally	120
northeast	140
northern	260
northwest	140
note	120
noted	380
notice	80
november	40
now	1280
nowhere	40
nuisance	40
numberless	20
numbers	60
numerous	80
o'hara	60
oakland	60
oakwood	40
obedient	20
objected	20
objections	40
objects	100
obstacles	120
obstructing	20
obstruction	60
obstructive	60
obtained	260
obviate	20
obviously	60
occasional	120
occupants	20
occupied	300
occur	80
ocean	20
oct	60
october	40
ofen	20
off-set	20
offer	140
offering	60
office	500
officially	20
oft-times	20
often	220
of|auto	20
of|street	20
older	80
olmsted	300
olmsted's	20
omitted	20
one	2380
one-half	40
one-sheet	20
one-sided	100
one-third	80
one-way	40
oneida	20
only	1600
open	360
opening	100
operate	20
operations	20
opinion	40
options	40
order	300
ordering	20
ordinance.--to	20
ordinances	20
ordinary	200
originally	60
originate	20
originator	20
ormsby	20
oswego	40
other	2740
otherwise	120
our	180
ousted	20
out	1240
outdated	20
outdoor	40
outlets	40
outline	60
outlined	20
outlook--while	20
outlooks	20
outskirts	20
outward	20
over	2600
overcome	20
overestimate	20
overflow	20
overhead	40
overlooked	20
owes	20
owing	180
own	220
owners	240
p	120
package	40
packet	60
pages	80
paid	180
panther	120
paper	20
paragraph	320
parallels	20
parcels	20
park	1980
park,--from	20
park-less	20
park._--a	20
park._--perhaps	20
parking	40
parkway--a	20
parkways	20
partially	60
particularly	40
particulars	20
parties	20
partly	160
parts	360
party	20
passage	100
passed	140
passenger	200
past	120
pave	20
paved	40
pay	120
paying	80
payment	20
peace	20
peaks	20
peculiarly	100
pedestrians	140
pedestrians|[39]gross	20
peebles	20
pennsylvania	520
pennwood	60
people,--the	20
percentage	20
perfectly	60
performance	40
performed	40
periodical	20
periods	60
permanence	20
permanent	400
permits	40
permitted	80
perplexing	20
perrott	20
personal	40
pglaf	20
picturesque	40
piece	40
pier	400
pierce	20
pike._--from	20
pilot	20
pinch	20
pine	140
pitch	20
pitches	20
pittsburgh	2900
pittsburgh's	140
pittsburgh--width	20
pittsburghers	60
places	220
placing	20
plain	40
planned	100
planning--or	20
plans	520
planted	20
planting-strip	20
plants	140
plateau	80
play	120
playground._--partly	20
playgrounds	40
playing	40
plaza	40
pleasant	100
please	60
pleasures	20
plenty	40
plunging	40
plus	20
poetically	20
point	1640
police	20
policy	80
pool	240
poor	40
populated	20
portal	20
portions	280
portrays	20
ports	80
positions	20
positively	20
possess	40
possessing	20
possession	20
postpone	20
powers	20
pp	20
practicability	20
practicable	120
practically	580
preceded	20
precedent	20
precipitate	20
precision	20
preclude	40
predecessors	20
preface	60
prefer	40
preferable	20
preferably	20
prejudicial	20
preliminary	80
preparing	60
presented	120
presents	80
preservation	40
preserve	40
preserved	40
president	20
presumably	40
pretty	60
prevailingly	20
prevent	120
prevention	20
previously	40
preëminent	20
priceless	20
prices	120
pride	60
primary	60
princes	40
princeton	40
principal	280
principle	100
printed	80
prints	40
problems	240
proceed	40
produce	160
produced	140
producer	60
products	20
profession	20
profiles	120
profit	60
profitable	20
program	60
projected	40
projects	20
promenades	40
promising	40
prompt	40
proofread	20
proofreading	40
proper	340
proportion	220
propose	20
proposed	1520
proposition	80
prosecute	20
prospect	20
prospective	20
protected	180
protects	20
prove	60
proved	60
provides	40
providing	260
provisions	100
publication	60
publicly	20
published	120
pumping	20
punitive	20
purchasers	40
purchases	20
purchasing	60
pure	20
purpose	380
pursue	20
pursuit	20
pushing	20
qualifications	20
quarter	80
quay	340
question	420
questionable	40
quickly	20
quite	140
r	120
radical	240
radius	20
ragged	20
rail	160
railroad	2340
railways	20
raise	100
raised	180
ranging	20
rank	20
rapid	40
rare	60
rather	300
rauh	20
ravines	40
raw	60
re-alignment._--beechwood	20
re-alignments	20
re-plotted	20
reached	380
read	60
readable	40
readily	100
reading	100
reading-room	20
real	240
reality	20
realization	20
realized	60
rear	60
reason	120
reasonable	620
reasonably	340
rebuilt.[13	20
recede	20
receipt	80
receives	20
receiving	20
recently	40
reclaimed	20
reclothed	20
recognized	20
recommend	20
recommendations	280
recommending	20
reconcile	20
reconstruct	40
reconstruction	140
recorded	40
records	180
recourse	20
recreation	460
recreative	40
rectify	20
redeeming	20
redistribute	20
reduce	180
reduced	240
reductions	20
refer	20
references	40
referring	40
reflected	40
reflections	20
refuge	40
refund	200
regarded	80
regardless	80
regards	60
region	220
registered	40
regraded	60
regretted	20
regular	80
regulating	20
regulation	20
relating	40
relation	160
relative	40
reliability	20
reliable	20
relieved	20
relocation	40
remain	140
remaining	160
remark	20
remarkable	20
remedies	20
remembered	20
remodeling	60
remote	40
removal	20
remove	60
removed	100
renamed	20
render	40
rented	20
rents	20
repeated	20
replace	40
replaced	40
replacement	100
replanning--can	20
replanning--is	20
report	1440
reporting	20
repository	20
representations	20
representatives	100
representing	60
reproduction	20
requested	20
requirements	180
requires	120
requiring	100
reservation	20
reserve	20
reserved	20
residence	100
resident	20
residential	200
respect	100
respectfully	40
rest	180
restaurants	20
resting	40
resultant	60
resulted	40
results	220
retained	20
retention	40
return	80
revenue	40
revenue-producing	20
reverse	20
revise	20
rhine	20
rhone	20
riages|mobiles	20
rich	20
richmond	60
ridges	60
right	140
right-angle	20
right-of-way	60
rises	20
rising	140
river	4460
river-boats	20
river-born	20
river-front	20
road	1820
road._--the	40
roadways	40
robinson	20
rocks	140
romeo	20
roof	20
rooms	20
rosslyn	20
rotating	20
rougher	40
roughly	100
rounding	100
routes	240
routine	40
row	60
royalties	40
royalty	60
rr	40
rugged	60
rule	140
run._--from	20
runs	160
rural	140
rush	20
sacrificing	20
safeguard	20
safely	40
safety	60
sake	120
salt	20
same	700
sample	60
sand	80
sand-piles	20
satisfactory	180
satisfied	20
saving	60
scale	100
scarcely	60
scattering	20
scene	60
schemes	20
school	20
schuylkill	40
scope	40
score	40
screen	40
search	20
seats	20
second	1180
secondary	80
secretary	60
sectional	40
sections	320
securely	20
securing	100
seek	40
seem	180
seine	100
seized	20
seldom	60
select	80
selecting	40
sell	20
selling	20
senate	40
send	20
sending	20
sense	80
sent	60
separately	20
separating	40
separation	40
sept	40
serious	460
servants	20
served--that	20
serves	20
serving	60
set	400
set-back	60
setbacks	20
setting	100
settlements	20
several	420
severe	40
sewage	20
sewer	20
sewickley	20
shadyside	40
shall	360
shallow	40
shallow-draft	20
sharing	20
sharp	100
she	20
sheets	180
shelving	20
sheraden	40
shifting	40
shipment	20
shippers	40
shod	20
shoes	20
shores	20
short	300
shows	120
shrubbery	20
sidehill	60
sides	220
sidewalk	480
sidney	20
signboards	20
signed	20
signs	40
silently	20
similarly	60
simple	80
simply	200
simultaneously	20
since	260
single	240
sir_:--i	20
sit	60
sites	100
situation	140
six	80
sixteenth	340
sixth	960
sketch	40
sketches	20
skiffs	20
sky-line	20
skylights	20
slanting	40
slatternly	20
slides	20
slightly	120
slipping	20
slopes	160
sloping	80
slow-moving	60
slower	20
slowly	80
sluggish	20
smaller	40
smoking	20
smooth	20
snowden	60
snows	20
snowy	20
so	2060
so-called	20
soho._--as	20
sold	20
solely	60
solicitation	20
solicitor	20
solidly	20
solutions	100
solutions._--it	20
some	1140
somehow	20
something	40
sometimes	180
somewhat	300
sooner	40
sort	160
sought	20
sources	40
southeast	180
southern	460
southwest	140
space	700
spaced	20
spaciousness	40
span	140
sparse	20
speaking	80
specific	180
specifically	20
specified	40
spelling	20
spend	20
spent	60
split	20
splitting	20
spot	100
spruce	20
spur	20
squares	40
staff	20
stage	420
stalling	20
stamped	20
stand	40
standardizing	20
standards	20
standing	100
start	220
starting	60
statements	20
states	840
stating	20
station	420
stationary	20
status	100
steady	40
steam	80
steamers	40
steeper	140
steeply	40
steepness	20
step	60
stiff	40
still	440
stock	20
stonycamp	40
stoops	20
stop	60
stores	180
straight	120
stratum	60
stream	120
street--a	40
street--fifth	100
street-car	20
street-sixth	20
street.[15	20
street._--from	20
street._--plans	20
street._--with	20
streets	2440
street|aug	20
street|feb	20
strictly	40
strike	20
strikingly	20
strip	40
stroll	40
strolling	20
structures	140
struggles	20
studied	200
stuff	20
stuttgart	60
subject	140
submit	40
submitting	40
subscribe	20
subsequently	20
substantial	20
substitute	20
suburban	260
successful	100
successively	20
sufficient	220
suggest	20
suggesting	20
suggestion	100
suggestive	60
suited	60
summary	20
summerhill	20
sums	20
sundered	20
superintendent	120
supplemented	40
supported	20
surely	40
surrounding	160
survey	160
surveying	20
surveys--or	20
survive	20
sustained	40
swamp	20
swimming-pool	20
synonymous	20
system--in	20
system.[19	20
system.[26	20
systematic	20
systematically	20
systems	40
t	140
table	340
takes	100
taking	160
tapped	40
tardy	20
tavern	140
taxed	20
teamed	20
teams	60
teamsters	40
tear	40
telephone	20
tells	20
temperanceville	20
temporarily	20
temporizing	20
tempt	20
tendencies	20
tendency	80
tender	20
tennyson	60
tentative	40
term	20
terminal	80
terrace	100
terraced	40
territory	180
texts	20
their	1200
them	880
themselves	100
theoretical	20
there	2240
therefore	440
therefrom	20
therewith	60
they	860
thickly	80
thing	140
think	20
thirty	40
thirty-seventh	20
thirty-third	200
this	8040
thomas	100
thompson	60
thorough	20
thoroughfare	4080
thoroughfare._--another	20
thoroughfare._--girty	20
thoroughfare._--north	20
thoroughfare._--sawmill	20
thoroughfare._--the	60
thoroughfare[23	20
thoroughfares--the	20
thoroughfares._--from	20
thoroughfares._--going	20
thousand	60
three	440
three-horse	20
throat	60
through-routing	20
throw	60
thus	680
tie	20
tied	40
times	240
title	20
together	160
tolerably	20
tonnage	320
tons	900
tonsing	40
too	300
topographically	80
total	640
towards	20
towboat	40
town	860
township	320
tracks	1180
traction	140
trade	160
traffic--except	20
traffic._--_highway	20
traffic_.--there	20
transcription	20
transfers	20
transmission	40
transportation	460
transportation--specifically	20
transported	20
transshipment	20
travel	520
travel--largely	20
traverse	20
traversed	20
treat	20
treatment	240
tree-shaded	100
tremendous	20
trenton	20
triangle	20
tributary	40
tried	20
trips	40
troy	140
trucks	80
true	120
trunk	60
tunnel	980
tunnel._--perhaps	20
turned	60
turns	40
turtle	180
twelfth	20
twenty-first	20
twenty-five	40
twenty-second	220
twice	20
two	1640
two-spans	20
type	280
typical	100
u.s	140
ultimately	120
un-congested	20
unattractive	40
unavailable	60
uncared	20
uncertainties	20
under	1520
undergo	20
underneath	60
understand	20
undertaking	100
undesirable	80
undesirably	80
uneconomic	40
unfortunately	80
unfruitful	20
unified	60
uniform	180
unit	40
uniting	20
universally	40
university	20
unkempt	20
unknown	20
unless	180
unloaded	20
unnecessary	100
unobstructed	20
unproductive	20
unprogressive	40
unrivaled	20
unseen	20
until	200
unused	60
unusually	40
unwisely	20
up-to-date	60
uphill	40
upland	60
upon	1820
upper	280
urban	140
urgently	60
us	60
usable	20
useful	200
useless	20
uses	20
using	340
usual	40
utf-8	20
utilitarian	20
utilize	40
utilized	40
utmost	140
v	160
valid	20
valley--say	20
valley--where	20
valley.[31	20
valley._--there	20
valleys	260
valuable	100
value.[44	20
values	160
vans	20
vantage	20
varies	40
variety	40
vary	20
varying	80
vast	40
vehicle	120
vehicles--1.75	20
version	20
very	1520
vessels|no	20
via	300
viaduct	760
viaduct._--in	20
viaduct._--to	20
vice-president	60
vicious	40
viewed	20
views	80
village	20
vision	20
visited	40
vital	100
void	40
volume	160
volunteer	20
voted	40
wabash	20
wagon	100
wagons|riages	20
waive	20
waived	20
walks	100
wall	280
want	40
wanting	20
war	40
warehouses	140
wares	20
warning	20
warranties	60
warranty	40
washington	900
waste	60
wasted	20
watchful	20
water-borne	140
water-tight	20
waters	20
wayne	240
ways	80
we	460
weather	60
web	100
webster	120
week	20
weight	80
welcome	20
welcomed	20
well	520
well-conducted	20
wellesley	20
western	240
westview	20
wet	20
wharf	160
wharves	20
what	280
whatever	80
whatsoever	40
wheeled	40
wheels	20
when	940
whenever	20
whereby	60
wherever	40
whitfield	20
whiting	20
who	420
wholesale	140
whose	80
widened	720
widenings	140
widest	60
width	1060
wilkinsburg-edgewood	100
will	2840
willing	40
wilmot	40
wind	120
winding	20
wise	80
wiser	20
with	7920
without	940
wolf	20
women	60
won	20
wooded	160
wooden	60
woods	20
word	20
worked	40
works	840
world	240
world's	20
world-wide	20
worse	20
worth	60
writing	60
www.gutenberg.org	100
www.gutenberg.org/donate	40
www.gutenberg.org/license	20
wylie	20
yachts	20
yard	120
years	360
yet	260
you'll	40
zero	20
▐	40
▐|1,045,570	20
