(0, 30), 509.173941	
(0, 41), 507.449759	
(1, 40), 519.849300	
(10, 4), 492.052241	
(11, 5), 521.529200	
(12, 6), 507.513641	
(13, 7), 530.120439	
(14, 19), 509.939879	
(14, 8), 515.269453	
(15, 18), 516.372261	
(15, 29), 507.086918	
(15, 9), 509.547643	
(16, 17), 490.948376	
(16, 28), 493.296626	
(16, 39), 494.091533	
(17, 16), 496.527636	
(17, 27), 505.159380	
(17, 38), 510.352438	
(17, 49), 481.886381	
(18, 15), 495.938313	
(18, 26), 488.028421	
(18, 37), 480.060642	
(18, 48), 484.699787	
(19, 14), 495.149390	
(19, 25), 491.419312	
(19, 36), 501.979473	
(19, 47), 503.496408	
(20, 3), 514.166837	
(21, 4), 493.947408	
(22, 5), 514.183018	
(23, 6), 510.306741	
(24, 7), 500.282437	
(25, 19), 497.940048	
(25, 8), 504.662168	
(26, 18), 498.920967	
(26, 29), 499.882690	
(26, 9), 495.418648	
(27, 17), 496.288418	
(27, 28), 491.517991	
(27, 39), 491.929409	
(28, 16), 511.418652	
(28, 27), 517.671837	
(28, 38), 512.218453	
(28, 49), 500.174995	
(29, 15), 491.563509	
(29, 26), 497.125449	
(29, 37), 482.723432	
(29, 48), 495.816338	
(30, 2), 522.080392	
(31, 3), 515.761518	
(32, 4), 473.010914	
(33, 5), 505.761943	
(34, 6), 502.031858	
(35, 7), 500.668988	
(36, 19), 498.284328	
(36, 8), 502.091651	
(37, 18), 507.023754	
(37, 29), 506.433024	
(37, 9), 508.487814	
(38, 17), 504.397778	
(38, 28), 504.509118	
(38, 39), 506.484476	
(39, 16), 493.264208	
(39, 27), 498.013191	
(39, 38), 504.304625	
(39, 49), 481.251823	
(40, 1), 508.304275	
(41, 2), 497.740694	
(42, 3), 509.159040	
(43, 4), 505.037652	
(44, 5), 511.249306	
(45, 6), 521.599743	
(46, 7), 512.387287	
(47, 19), 496.239543	
(47, 8), 502.595683	
(48, 18), 504.646562	
(48, 29), 488.473792	
(48, 9), 495.426377	
(49, 17), 495.077029	
(49, 28), 489.986125	
(49, 39), 500.438924	
(0, 20), 516.561543	
(0, 31), 522.610923	
(0, 42), 500.603858	
(1, 30), 514.224743	
(1, 41), 514.386918	
(10, 5), 499.222682	
(11, 6), 528.230758	
(12, 7), 506.353246	
(13, 8), 517.110542	
(14, 9), 506.565589	
(15, 19), 508.366265	
(16, 18), 492.364718	
(16, 29), 501.649300	
(17, 17), 502.292960	
(17, 28), 489.026584	
(17, 39), 492.935167	
(18, 16), 494.752040	
(18, 27), 504.002469	
(18, 38), 500.206792	
(18, 49), 481.237250	
(19, 15), 495.032623	
(19, 26), 498.836286	
(19, 37), 482.040302	
(19, 48), 495.164653	
(2, 40), 502.437042	
(20, 4), 496.522904	
(21, 5), 502.633154	
(22, 6), 509.556122	
(23, 7), 505.546372	
(24, 8), 506.692953	
(25, 9), 502.115080	
(26, 19), 505.769632	
(27, 18), 507.368351	
(27, 29), 498.671115	
(28, 17), 501.777334	
(28, 28), 513.016541	
(28, 39), 508.579416	
(29, 16), 495.234263	
(29, 27), 503.178308	
(29, 38), 502.789409	
(29, 49), 479.301678	
(30, 3), 526.549090	
(31, 4), 503.929242	
(32, 5), 497.368974	
(33, 6), 508.325832	
(34, 7), 503.774516	
(35, 8), 504.651320	
(36, 9), 496.134183	
(37, 19), 504.909002	
(38, 18), 510.332075	
(38, 29), 508.868420	
(39, 17), 486.973363	
(39, 28), 485.886505	
(39, 39), 493.145907	
(40, 2), 512.866198	
(41, 3), 502.103691	
(42, 4), 491.558363	
(43, 5), 518.101747	
(44, 6), 499.725574	
(45, 7), 511.262241	
(46, 8), 507.103420	
(47, 9), 501.137846	
(48, 19), 496.132872	
(49, 18), 498.761059	
(49, 29), 490.726240	
(0, 10), 507.629877	
(0, 21), 508.776082	
(0, 32), 509.562707	
(0, 43), 522.579968	
(1, 20), 516.823615	
(1, 31), 521.088286	
(1, 42), 500.653428	
(10, 6), 505.534596	
(11, 7), 519.106261	
(12, 8), 507.067132	
(13, 9), 513.243741	
(16, 19), 500.094393	
(17, 18), 501.521831	
(17, 29), 497.955028	
(18, 17), 489.661714	
(18, 28), 499.690493	
(18, 39), 499.779836	
(19, 16), 495.121779	
(19, 27), 505.881740	
(19, 38), 500.690066	
(19, 49), 482.799749	
(2, 30), 507.151865	
(2, 41), 506.829310	
(20, 5), 512.762672	
(21, 6), 507.369029	
(22, 7), 503.736935	
(23, 8), 504.975763	
(24, 9), 492.503329	
(27, 19), 505.617098	
(28, 18), 507.964641	
(28, 29), 500.732441	
(29, 17), 498.273100	
(29, 28), 487.668549	
(29, 39), 501.267472	
(3, 40), 493.874069	
(30, 4), 508.215905	
(31, 5), 511.089722	
(32, 6), 496.357190	
(33, 7), 517.651604	
(34, 8), 499.326390	
(35, 9), 497.994271	
(38, 19), 512.665391	
(39, 18), 499.286056	
(39, 29), 494.126147	
(40, 3), 517.651333	
(41, 4), 495.039736	
(42, 5), 503.585626	
(43, 6), 522.471669	
(44, 7), 506.657375	
(45, 8), 516.884775	
(46, 9), 506.635829	
(49, 19), 500.352036	
(0, 11), 534.506736	
(0, 22), 521.242426	
(0, 33), 522.323323	
(0, 44), 522.904336	
(1, 10), 504.472693	
(1, 21), 503.201623	
(1, 32), 506.665216	
(1, 43), 522.988102	
(10, 7), 505.233855	
(11, 8), 520.072450	
(12, 9), 506.993042	
(17, 19), 498.604203	
(18, 18), 499.334296	
(18, 29), 490.020232	
(19, 17), 504.990210	
(19, 28), 499.129307	
(19, 39), 502.413976	
(2, 20), 509.124888	
(2, 31), 519.409393	
(2, 42), 491.115920	
(20, 6), 513.390676	
(21, 7), 514.277973	
(22, 8), 510.182920	
(23, 9), 502.938547	
(28, 19), 507.691655	
(29, 18), 499.472850	
(29, 29), 498.780017	
(3, 30), 492.927868	
(3, 41), 481.832300	
(30, 5), 527.986075	
(31, 6), 517.170989	
(32, 7), 495.218044	
(33, 8), 505.358295	
(34, 9), 494.896442	
(39, 19), 499.592669	
(4, 40), 499.206179	
(40, 4), 514.873856	
(41, 5), 502.415271	
(42, 6), 509.279651	
(43, 7), 521.991979	
(44, 8), 499.669134	
(45, 9), 509.169350	
(0, 12), 509.663964	
(0, 23), 514.077450	
(0, 34), 522.216094	
(0, 45), 500.740245	
(1, 11), 529.707858	
(1, 22), 518.216914	
(1, 33), 515.592018	
(1, 44), 521.270467	
(10, 8), 501.563944	
(11, 9), 513.545118	
(18, 19), 497.502544	
(19, 18), 487.913883	
(19, 29), 502.267455	
(2, 10), 493.273383	
(2, 21), 499.600638	
(2, 32), 500.228833	
(2, 43), 520.571951	
(20, 7), 514.467508	
(21, 8), 498.252074	
(22, 9), 498.705139	
(29, 19), 500.130334	
(3, 20), 496.703517	
(3, 31), 504.070840	
(3, 42), 476.316051	
(30, 6), 524.030712	
(31, 7), 519.369757	
(32, 8), 496.319452	
(33, 9), 495.156058	
(4, 30), 509.876892	
(4, 41), 498.529991	
(40, 5), 521.362963	
(41, 6), 502.409127	
(42, 7), 506.681498	
(43, 8), 511.736178	
(44, 9), 498.388412	
(5, 40), 501.484158	
(9, 0), 485.457103	
(0, 13), 505.833686	
(0, 24), 528.617458	
(0, 35), 509.776095	
(0, 46), 523.648690	
(1, 12), 502.667029	
(1, 23), 508.427246	
(1, 34), 520.237180	
(1, 45), 516.505195	
(10, 9), 498.385129	
(19, 19), 500.786734	
(2, 11), 516.890022	
(2, 22), 507.460976	
(2, 33), 515.006976	
(2, 44), 504.938057	
(20, 8), 520.873841	
(21, 9), 497.541121	
(3, 10), 479.415254	
(3, 21), 489.671813	
(3, 32), 489.244683	
(3, 43), 505.111749	
(30, 7), 529.232140	
(31, 8), 517.439768	
(32, 9), 486.806703	
(4, 20), 512.594845	
(4, 31), 511.028420	
(4, 42), 491.498174	
(40, 6), 513.880690	
(41, 7), 509.202480	
(42, 8), 499.728617	
(43, 9), 510.855196	
(5, 30), 496.529218	
(5, 41), 488.137156	
(6, 40), 496.384525	
(8, 0), 503.384861	
(9, 1), 488.419417	
(0, 14), 509.849870	
(0, 25), 499.638442	
(0, 36), 514.031493	
(0, 47), 516.423440	
(1, 13), 504.822183	
(1, 24), 524.962908	
(1, 35), 516.055640	
(1, 46), 524.719763	
(2, 12), 497.797480	
(2, 23), 495.677103	
(2, 34), 520.177363	
(2, 45), 503.666385	
(20, 9), 501.739866	
(3, 11), 508.634507	
(3, 22), 496.632611	
(3, 33), 497.287361	
(3, 44), 499.020208	
(30, 8), 525.496836	
(31, 9), 510.429581	
(4, 10), 489.292630	
(4, 21), 496.805262	
(4, 32), 494.010028	
(4, 43), 510.112180	
(40, 7), 525.979473	
(41, 8), 492.607586	
(42, 9), 491.463732	
(5, 20), 493.295449	
(5, 31), 492.629255	
(5, 42), 470.808874	
(6, 30), 493.908819	
(6, 41), 495.815526	
(7, 0), 493.129906	
(7, 40), 506.941522	
(8, 1), 499.843296	
(9, 2), 488.484385	
(0, 15), 510.881572	
(0, 26), 503.577250	
(0, 37), 497.151323	
(0, 48), 504.688058	
(1, 14), 507.027169	
(1, 25), 507.004787	
(1, 36), 514.581646	
(1, 47), 517.888147	
(2, 13), 500.460817	
(2, 24), 512.777027	
(2, 35), 504.602197	
(2, 46), 519.911395	
(3, 12), 484.176286	
(3, 23), 493.518391	
(3, 34), 503.599392	
(3, 45), 486.498731	
(30, 9), 521.039294	
(4, 11), 516.154578	
(4, 22), 510.978781	
(4, 33), 511.448187	
(4, 44), 501.304863	
(40, 8), 519.440156	
(41, 9), 489.864763	
(5, 10), 481.468961	
(5, 21), 484.363547	
(5, 32), 486.052831	
(5, 43), 503.779222	
(6, 0), 489.141181	
(6, 20), 503.009937	
(6, 31), 511.114280	
(6, 42), 485.144903	
(7, 1), 503.012681	
(7, 30), 506.653614	
(7, 41), 492.541317	
(8, 2), 503.561042	
(8, 40), 503.360079	
(9, 3), 509.623057	
(0, 16), 507.451295	
(0, 27), 519.282812	
(0, 38), 514.945609	
(0, 49), 503.007435	
(1, 15), 509.068303	
(1, 26), 503.477575	
(1, 37), 494.366546	
(1, 48), 502.413820	
(2, 14), 509.761272	
(2, 25), 499.539926	
(2, 36), 512.097202	
(2, 47), 514.227043	
(3, 13), 489.378978	
(3, 24), 501.860400	
(3, 35), 494.235295	
(3, 46), 506.236420	
(4, 12), 496.342803	
(4, 23), 504.125576	
(4, 34), 511.127630	
(4, 45), 499.130682	
(40, 9), 510.396423	
(5, 0), 495.005020	
(5, 11), 511.129002	
(5, 22), 497.000092	
(5, 33), 506.424148	
(5, 44), 496.599768	
(6, 1), 492.396706	
(6, 10), 482.394040	
(6, 21), 490.154006	
(6, 32), 498.353720	
(6, 43), 506.927259	
(7, 2), 495.105198	
(7, 20), 500.359539	
(7, 31), 499.953509	
(7, 42), 484.538902	
(8, 3), 514.434112	
(8, 30), 510.388250	
(8, 41), 499.871399	
(9, 4), 490.538239	
(9, 40), 493.996409	
(0, 17), 506.989122	
(0, 28), 510.041682	
(0, 39), 511.809061	
(1, 16), 514.510983	
(1, 27), 522.121211	
(1, 38), 515.586559	
(1, 49), 502.920145	
(2, 15), 505.749243	
(2, 26), 504.115889	
(2, 37), 494.227369	
(2, 48), 495.365396	
(3, 14), 494.362609	
(3, 25), 491.973807	
(3, 36), 498.381508	
(3, 47), 501.116383	
(4, 0), 494.457922	
(4, 13), 490.758453	
(4, 24), 516.834666	
(4, 35), 504.380240	
(4, 46), 516.711724	
(5, 1), 487.168619	
(5, 12), 493.752757	
(5, 23), 490.623814	
(5, 34), 507.250549	
(5, 45), 491.446432	
(6, 11), 507.083011	
(6, 2), 504.180717	
(6, 22), 506.695268	
(6, 33), 499.479933	
(6, 44), 504.678542	
(7, 10), 483.860075	
(7, 21), 490.826835	
(7, 3), 512.566781	
(7, 32), 496.719614	
(7, 43), 511.328861	
(8, 20), 513.252833	
(8, 31), 507.061308	
(8, 4), 488.219878	
(8, 42), 488.052285	
(9, 30), 491.699872	
(9, 41), 482.943685	
(9, 5), 500.754473	
(0, 18), 518.882565	
(0, 29), 509.416535	
(1, 17), 507.151848	
(1, 28), 514.121569	
(1, 39), 521.968104	
(2, 16), 502.563592	
(2, 27), 514.109743	
(2, 38), 510.199885	
(2, 49), 490.544380	
(3, 0), 489.735802	
(3, 15), 481.923703	
(3, 26), 489.791618	
(3, 37), 480.668067	
(3, 48), 485.580549	
(4, 1), 506.124765	
(4, 14), 502.595055	
(4, 25), 493.870550	
(4, 36), 503.409008	
(4, 47), 513.450844	
(5, 13), 488.293078	
(5, 2), 492.267143	
(5, 24), 508.003665	
(5, 35), 494.415104	
(5, 46), 501.327529	
(6, 12), 487.186427	
(6, 23), 489.726331	
(6, 3), 502.905612	
(6, 34), 499.644410	
(6, 45), 495.621508	
(7, 11), 514.675679	
(7, 22), 503.600160	
(7, 33), 504.163463	
(7, 4), 494.377565	
(7, 44), 497.624353	
(8, 10), 486.696162	
(8, 21), 496.980226	
(8, 32), 492.214058	
(8, 43), 516.663260	
(8, 5), 521.216352	
(9, 20), 492.531486	
(9, 31), 503.633211	
(9, 42), 476.720214	
(9, 6), 506.362306	
(0, 19), 517.288754	
(1, 18), 522.183913	
(1, 29), 515.888551	
(2, 0), 508.829796	
(2, 17), 501.102946	
(2, 28), 509.151811	
(2, 39), 513.163886	
(3, 1), 487.629937	
(3, 16), 495.465192	
(3, 27), 497.863806	
(3, 38), 498.012214	
(3, 49), 478.252999	
(4, 15), 504.996028	
(4, 2), 501.512955	
(4, 26), 496.587010	
(4, 37), 481.411788	
(4, 48), 504.707669	
(5, 14), 495.031284	
(5, 25), 491.631002	
(5, 3), 507.875855	
(5, 36), 495.614720	
(5, 47), 506.936557	
(6, 13), 496.581327	
(6, 24), 509.044721	
(6, 35), 494.333282	
(6, 4), 489.353082	
(6, 46), 506.068312	
(7, 12), 483.255845	
(7, 23), 489.902603	
(7, 34), 506.196513	
(7, 45), 485.840719	
(7, 5), 518.144631	
(8, 11), 518.403746	
(8, 22), 506.536007	
(8, 33), 509.378429	
(8, 44), 502.980546	
(8, 6), 510.037610	
(9, 10), 480.059228	
(9, 21), 482.557493	
(9, 32), 491.546357	
(9, 43), 498.906835	
(9, 7), 497.802737	
(1, 0), 511.090617	
(1, 19), 515.466141	
(2, 1), 501.555651	
(2, 18), 507.118402	
(2, 29), 505.366227	
(3, 17), 489.062790	
(3, 2), 503.992825	
(3, 28), 491.295100	
(3, 39), 493.972297	
(4, 16), 502.889136	
(4, 27), 514.663567	
(4, 3), 516.058832	
(4, 38), 512.226486	
(4, 49), 488.949856	
(5, 15), 488.322931	
(5, 26), 493.669506	
(5, 37), 478.495456	
(5, 4), 495.563067	
(5, 48), 484.853329	
(6, 14), 495.411707	
(6, 25), 494.929311	
(6, 36), 495.622497	
(6, 47), 509.744879	
(6, 5), 509.207554	
(7, 13), 492.207129	
(7, 24), 511.589717	
(7, 35), 498.280955	
(7, 46), 507.705346	
(7, 6), 505.797803	
(8, 12), 491.191651	
(8, 23), 501.252755	
(8, 34), 511.057101	
(8, 45), 496.946333	
(8, 7), 509.895925	
(9, 11), 495.996227	
(9, 22), 496.911526	
(9, 33), 493.610372	
(9, 44), 491.831990	
(9, 8), 496.310556	
(0, 0), 510.057748	
(1, 1), 511.743335	
(2, 19), 513.903081	
(2, 2), 517.611617	
(3, 18), 495.156826	
(3, 29), 500.508034	
(3, 3), 506.679605	
(4, 17), 500.644649	
(4, 28), 494.362916	
(4, 39), 507.286185	
(4, 4), 500.112201	
(40, 40), 512.825359	
(5, 16), 493.261999	
(5, 27), 498.427655	
(5, 38), 496.616533	
(5, 49), 478.764323	
(5, 5), 501.345534	
(6, 15), 493.078292	
(6, 26), 487.779568	
(6, 37), 479.969552	
(6, 48), 482.120583	
(6, 6), 510.878087	
(7, 14), 494.457113	
(7, 25), 482.396425	
(7, 36), 497.814114	
(7, 47), 504.222835	
(7, 7), 499.925850	
(8, 13), 502.129704	
(8, 24), 518.972764	
(8, 35), 505.313365	
(8, 46), 509.806574	
(8, 8), 505.430293	
(9, 12), 480.510428	
(9, 23), 487.395308	
(9, 34), 505.517464	
(9, 45), 485.887726	
(9, 9), 487.627788	
(0, 1), 507.503172	
(1, 2), 514.740760	
(2, 3), 521.552726	
(3, 19), 494.242624	
(3, 4), 496.762112	
(30, 40), 518.835136	
(4, 18), 510.280425	
(4, 29), 506.450901	
(4, 5), 517.004732	
(40, 30), 514.957744	
(40, 41), 507.316314	
(41, 40), 493.309333	
(5, 17), 485.725776	
(5, 28), 489.763213	
(5, 39), 497.515631	
(5, 6), 500.144312	
(6, 16), 499.822703	
(6, 27), 507.800804	
(6, 38), 499.548753	
(6, 49), 481.631095	
(6, 7), 508.021355	
(7, 15), 493.139629	
(7, 26), 492.728828	
(7, 37), 477.976316	
(7, 48), 495.138566	
(7, 8), 502.933435	
(8, 14), 501.226167	
(8, 25), 499.083498	
(8, 36), 502.911701	
(8, 47), 510.449439	
(8, 9), 500.510697	
(9, 13), 489.719824	
(9, 24), 496.609225	
(9, 35), 485.453625	
(9, 46), 502.782120	
(0, 2), 517.521604	
(1, 3), 526.680777	
(2, 4), 503.586911	
(20, 40), 508.931635	
(3, 5), 498.290324	
(30, 30), 517.439905	
(30, 41), 514.918396	
(31, 40), 514.026191	
(4, 19), 513.053367	
(4, 6), 514.734630	
(40, 20), 511.656171	
(40, 31), 517.656284	
(40, 42), 494.714548	
(41, 30), 500.216225	
(41, 41), 498.286077	
(42, 40), 494.346609	
(5, 18), 494.971693	
(5, 29), 491.542448	
(5, 7), 504.443980	
(6, 17), 493.349037	
(6, 28), 499.016113	
(6, 39), 493.618325	
(6, 8), 500.860331	
(7, 16), 492.231300	
(7, 27), 503.894871	
(7, 38), 495.334296	
(7, 49), 481.743697	
(7, 9), 499.796964	
(8, 15), 497.066115	
(8, 26), 492.230091	
(8, 37), 485.776819	
(8, 48), 490.530958	
(9, 14), 486.233330	
(9, 25), 484.545199	
(9, 36), 490.114462	
(9, 47), 498.521112	
(0, 3), 528.272491	
(1, 4), 500.694373	
(10, 40), 490.938211	
(2, 5), 522.929547	
(20, 30), 498.445708	
(20, 41), 499.436895	
(21, 40), 496.628663	
(3, 6), 501.023476	
(30, 20), 521.152803	
(30, 31), 525.676603	
(30, 42), 500.028859	
(31, 30), 508.112826	
(31, 41), 499.080862	
(32, 40), 482.697033	
(4, 7), 516.136374	
(40, 10), 495.903823	
(40, 21), 505.258193	
(40, 32), 501.469085	
(40, 43), 524.124940	
(41, 20), 497.148431	
(41, 31), 496.991741	
(41, 42), 477.293668	
(42, 30), 491.269399	
(42, 41), 490.591368	
(43, 40), 505.325101	
(5, 19), 495.256080	
(5, 8), 506.530410	
(6, 18), 503.769503	
(6, 29), 496.553496	
(6, 9), 501.091906	
(7, 17), 495.819030	
(7, 28), 503.331370	
(7, 39), 490.040296	
(8, 16), 502.874985	
(8, 27), 508.762758	
(8, 38), 502.833988	
(8, 49), 491.080998	
(9, 15), 482.477129	
(9, 26), 485.417195	
(9, 37), 478.813886	
(9, 48), 481.112171	
(0, 4), 510.529269	
(1, 5), 524.459104	
(10, 30), 493.641138	
(10, 41), 486.765910	
(11, 40), 513.299520	
(2, 6), 523.914609	
(20, 20), 505.646602	
(20, 31), 512.277015	
(20, 42), 494.307491	
(21, 30), 502.786495	
(21, 41), 496.003883	
(22, 40), 499.479598	
(3, 7), 496.790165	
(30, 10), 508.859287	
(30, 21), 506.996822	
(30, 32), 506.545925	
(30, 43), 527.812677	
(31, 20), 510.512020	
(31, 31), 515.099140	
(31, 42), 485.835768	
(32, 30), 484.282956	
(32, 41), 478.585229	
(33, 40), 497.678580	
(4, 8), 513.630911	
(40, 11), 526.606778	
(40, 22), 516.095668	
(40, 33), 519.601687	
(40, 44), 514.901462	
(41, 10), 483.263268	
(41, 21), 490.828689	
(41, 32), 492.472441	
(41, 43), 503.439056	
(42, 20), 498.804875	
(42, 31), 500.998459	
(42, 42), 478.568102	
(43, 30), 506.456958	
(43, 41), 506.023070	
(44, 40), 497.075796	
(5, 9), 492.859013	
(6, 19), 501.540573	
(7, 18), 503.167945	
(7, 29), 490.386651	
(8, 17), 493.676308	
(8, 28), 502.605142	
(8, 39), 504.370141	
(9, 16), 486.592870	
(9, 27), 496.882670	
(9, 38), 490.128106	
(9, 49), 478.743912	
(0, 5), 527.961873	
(1, 6), 534.117128	
(10, 20), 497.424377	
(10, 31), 497.802867	
(10, 42), 475.696088	
(11, 30), 508.269950	
(11, 41), 508.259535	
(12, 40), 499.755732	
(2, 7), 515.623510	
(20, 10), 487.263026	
(20, 21), 501.289061	
(20, 32), 499.873817	
(20, 43), 515.768884	
(21, 20), 495.458186	
(21, 31), 505.346020	
(21, 42), 478.325769	
(22, 30), 504.670454	
(22, 41), 497.670087	
(23, 40), 500.558959	
(3, 8), 499.112149	
(30, 11), 529.186415	
(30, 22), 517.098660	
(30, 33), 526.695468	
(30, 44), 519.370349	
(31, 10), 502.221508	
(31, 21), 498.755936	
(31, 32), 495.739460	
(31, 43), 515.143487	
(32, 20), 489.848104	
(32, 31), 500.098063	
(32, 42), 466.332397	
(33, 30), 503.479587	
(33, 41), 496.091419	
(34, 40), 494.170519	
(4, 9), 511.898546	
(40, 12), 504.470573	
(40, 23), 501.030892	
(40, 34), 516.388643	
(40, 45), 500.745812	
(41, 11), 506.192502	
(41, 22), 495.355599	
(41, 33), 497.462054	
(41, 44), 493.484919	
(42, 10), 491.405176	
(42, 21), 484.211776	
(42, 32), 488.660256	
(42, 43), 501.154409	
(43, 20), 517.433905	
(43, 31), 515.715412	
(43, 42), 486.345408	
(44, 30), 502.903234	
(44, 41), 494.771428	
(45, 40), 514.209986	
(7, 19), 499.481717	
(8, 18), 511.670412	
(8, 29), 498.208445	
(9, 17), 480.956832	
(9, 28), 490.959573	
(9, 39), 487.497588	
(0, 6), 525.298307	
(1, 7), 521.538568	
(10, 10), 481.944035	
(10, 21), 486.307615	
(10, 32), 481.144171	
(10, 43), 502.224697	
(11, 20), 514.202081	
(11, 31), 523.913207	
(11, 42), 498.755620	
(12, 30), 504.045203	
(12, 41), 504.044520	
(13, 40), 518.396671	
(19, 0), 497.484975	
(2, 8), 515.358104	
(20, 11), 519.313137	
(20, 22), 515.644717	
(20, 33), 510.123990	
(20, 44), 498.612164	
(21, 10), 484.425473	
(21, 21), 485.106101	
(21, 32), 494.848833	
(21, 43), 506.652384	
(22, 20), 504.479318	
(22, 31), 510.283383	
(22, 42), 484.209331	
(23, 30), 506.332927	
(23, 41), 489.125497	
(24, 40), 488.917544	
(3, 9), 489.802764	
(30, 12), 500.128538	
(30, 23), 514.794490	
(30, 34), 527.413239	
(30, 45), 506.040378	
(31, 11), 522.101575	
(31, 22), 514.828666	
(31, 33), 517.910406	
(31, 44), 513.873029	
(32, 10), 473.768389	
(32, 21), 478.658996	
(32, 32), 480.237351	
(32, 43), 498.162533	
(33, 20), 509.743028	
(33, 31), 513.972758	
(33, 42), 485.602505	
(34, 30), 494.418034	
(34, 41), 493.140568	
(35, 40), 493.037795	
(40, 13), 502.635070	
(40, 24), 524.782360	
(40, 35), 510.610263	
(40, 46), 523.945808	
(41, 12), 480.168878	
(41, 23), 483.703625	
(41, 34), 503.705504	
(41, 45), 489.476322	
(42, 11), 514.152388	
(42, 22), 502.176180	
(42, 33), 500.733781	
(42, 44), 499.262251	
(43, 10), 494.744404	
(43, 21), 500.439620	
(43, 32), 492.372049	
(43, 43), 519.770498	
(44, 20), 501.892194	
(44, 31), 499.085696	
(44, 42), 479.559645	
(45, 30), 513.722466	
(45, 41), 504.903532	
(46, 40), 499.673662	
(8, 19), 499.918167	
(9, 18), 486.663853	
(9, 29), 484.783401	
(0, 7), 515.111590	
(1, 8), 515.869850	
(10, 11), 516.180357	
(10, 22), 495.146344	
(10, 33), 511.799595	
(10, 44), 496.406371	
(11, 10), 508.920957	
(11, 21), 499.261446	
(11, 32), 511.366501	
(11, 43), 522.435507	
(12, 20), 501.081125	
(12, 31), 509.560041	
(12, 42), 483.560282	
(13, 30), 516.650500	
(13, 41), 513.984150	
(14, 40), 511.737042	
(18, 0), 491.512840	
(19, 1), 495.774115	
(2, 9), 502.981746	
(20, 12), 498.453911	
(20, 23), 501.322615	
(20, 34), 512.201740	
(20, 45), 491.684995	
(21, 11), 511.032877	
(21, 22), 497.912145	
(21, 33), 500.769800	
(21, 44), 495.254529	
(22, 10), 483.886352	
(22, 21), 504.034899	
(22, 32), 493.580449	
(22, 43), 512.935452	
(23, 20), 510.708459	
(23, 31), 505.756009	
(23, 42), 478.157059	
(24, 30), 492.776553	
(24, 41), 492.164357	
(25, 40), 507.276303	
(29, 0), 490.091518	
(30, 13), 506.983043	
(30, 24), 521.119471	
(30, 35), 510.905780	
(30, 46), 528.199942	
(31, 12), 503.446563	
(31, 23), 500.983877	
(31, 34), 513.200314	
(31, 45), 502.591074	
(32, 11), 497.682251	
(32, 22), 499.143252	
(32, 33), 499.428205	
(32, 44), 490.851396	
(33, 10), 490.178728	
(33, 21), 492.656986	
(33, 32), 498.401905	
(33, 43), 516.327654	
(34, 20), 502.955778	
(34, 31), 501.360069	
(34, 42), 482.020374	
(35, 30), 493.983512	
(35, 41), 487.965966	
(36, 40), 495.287819	
(40, 14), 511.270753	
(40, 25), 499.353732	
(40, 36), 506.118397	
(40, 47), 514.316015	
(41, 13), 487.912349	
(41, 24), 506.293957	
(41, 35), 486.760021	
(41, 46), 500.736562	
(42, 12), 486.819083	
(42, 23), 502.586961	
(42, 34), 497.402148	
(42, 45), 492.863893	
(43, 11), 523.356512	
(43, 22), 512.560283	
(43, 33), 519.992807	
(43, 44), 509.092568	
(44, 10), 487.982815	
(44, 21), 488.075208	
(44, 32), 487.975189	
(44, 43), 507.591364	
(45, 20), 510.121782	
(45, 31), 515.998323	
(45, 42), 498.047859	
(46, 30), 503.008407	
(46, 41), 491.264160	
(47, 40), 501.922022	
(9, 19), 491.782911	
(0, 8), 516.675069	
(1, 9), 518.429102	
(10, 12), 486.474650	
(10, 23), 499.265756	
(10, 34), 504.747631	
(10, 45), 484.092113	
(11, 11), 526.980143	
(11, 22), 510.817755	
(11, 33), 527.051069	
(11, 44), 521.950952	
(12, 10), 486.774226	
(12, 21), 491.214455	
(12, 32), 495.580133	
(12, 43), 510.400734	
(13, 20), 519.829382	
(13, 31), 530.139206	
(13, 42), 488.509709	
(14, 30), 513.967383	
(14, 41), 508.575729	
(15, 40), 514.796760	
(17, 0), 495.698537	
(18, 1), 491.099358	
(19, 2), 496.763101	
(20, 13), 497.563431	
(20, 24), 504.980385	
(20, 35), 499.333978	
(20, 46), 512.877847	
(21, 12), 485.873136	
(21, 23), 491.975102	
(21, 34), 500.289873	
(21, 45), 492.215936	
(22, 11), 513.548115	
(22, 22), 505.754086	
(22, 33), 509.707567	
(22, 44), 501.456828	
(23, 10), 482.742114	
(23, 21), 490.043616	
(23, 32), 494.829706	
(23, 43), 507.822162	
(24, 20), 498.463989	
(24, 31), 501.681324	
(24, 42), 472.822197	
(25, 30), 506.063511	
(25, 41), 498.460776	
(26, 40), 496.590307	
(28, 0), 506.070750	
(29, 1), 490.743165	
(30, 14), 516.601281	
(30, 25), 508.575622	
(30, 36), 518.584206	
(30, 47), 522.731662	
(31, 13), 499.379075	
(31, 24), 515.263271	
(31, 35), 501.296580	
(31, 46), 515.400425	
(32, 12), 479.248392	
(32, 23), 481.318061	
(32, 34), 490.515013	
(32, 45), 488.862399	
(33, 11), 517.341363	
(33, 22), 501.484935	
(33, 33), 511.942675	
(33, 44), 499.143786	
(34, 10), 485.442524	
(34, 21), 487.348217	
(34, 32), 487.242743	
(34, 43), 509.363216	
(35, 20), 492.962253	
(35, 31), 501.166486	
(35, 42), 476.361685	
(36, 30), 502.487032	
(36, 41), 495.642801	
(37, 40), 505.486841	
(39, 0), 490.734356	
(40, 15), 513.960678	
(40, 26), 503.684173	
(40, 37), 489.322656	
(40, 48), 500.932963	
(41, 14), 491.281171	
(41, 25), 487.772593	
(41, 36), 494.722289	
(41, 47), 496.029637	
(42, 13), 483.598208	
(42, 24), 503.855262	
(42, 35), 493.832825	
(42, 46), 502.444640	
(43, 12), 498.985792	
(43, 23), 501.755677	
(43, 34), 515.973375	
(43, 45), 500.337761	
(44, 11), 504.489737	
(44, 22), 497.248184	
(44, 33), 498.745057	
(44, 44), 499.636437	
(45, 10), 498.001408	
(45, 21), 506.079450	
(45, 32), 499.628418	
(45, 43), 519.644475	
(46, 20), 508.561433	
(46, 31), 505.012795	
(46, 42), 477.470450	
(47, 30), 499.820379	
(47, 41), 493.664241	
(48, 40), 499.717675	
(0, 9), 507.421174	
(10, 13), 489.387887	
(10, 24), 506.808083	
(10, 35), 497.736777	
(10, 46), 505.614035	
(11, 12), 513.193169	
(11, 23), 505.121481	
(11, 34), 523.408374	
(11, 45), 509.672055	
(12, 11), 513.995716	
(12, 22), 498.035943	
(12, 33), 510.879925	
(12, 44), 501.482312	
(13, 10), 504.684336	
(13, 21), 506.026523	
(13, 32), 511.665565	
(13, 43), 531.934195	
(14, 20), 508.475553	
(14, 31), 518.129711	
(14, 42), 490.830135	
(15, 30), 505.156087	
(15, 41), 501.399668	
(16, 0), 490.752602	
(16, 40), 498.954057	
(17, 1), 497.146343	
(18, 2), 497.887976	
(19, 3), 512.899960	
(20, 14), 497.242895	
(20, 25), 497.764988	
(20, 36), 503.041631	
(20, 47), 512.664178	
(21, 13), 498.493334	
(21, 24), 504.465988	
(21, 35), 492.864465	
(21, 46), 505.294371	
(22, 12), 491.252712	
(22, 23), 494.503985	
(22, 34), 508.134680	
(22, 45), 496.618035	
(23, 11), 517.131880	
(23, 22), 498.819761	
(23, 33), 511.586049	
(23, 44), 505.859584	
(24, 10), 478.761270	
(24, 21), 491.723190	
(24, 32), 489.510454	
(24, 43), 497.494741	
(25, 20), 513.391449	
(25, 31), 510.966773	
(25, 42), 485.936776	
(26, 30), 505.413834	
(26, 41), 494.303115	
(27, 0), 495.964059	
(27, 40), 499.283334	
(28, 1), 509.116770	
(29, 2), 499.970846	
(30, 15), 517.188246	
(30, 26), 511.809506	
(30, 37), 499.644161	
(30, 48), 511.244568	
(31, 14), 507.100525	
(31, 25), 503.264863	
(31, 36), 509.259192	
(31, 47), 517.360980	
(32, 13), 480.999390	
(32, 24), 507.277508	
(32, 35), 493.477294	
(32, 46), 491.475825	
(33, 12), 500.583186	
(33, 23), 494.726103	
(33, 34), 507.038484	
(33, 45), 493.743757	
(34, 11), 504.659669	
(34, 22), 497.368784	
(34, 33), 505.344251	
(34, 44), 493.632309	
(35, 10), 479.589651	
(35, 21), 486.666928	
(35, 32), 488.772292	
(35, 43), 503.262751	
(36, 20), 504.901736	
(36, 31), 504.243001	
(36, 42), 480.836845	
(37, 30), 508.223241	
(37, 41), 495.645790	
(38, 0), 497.427553	
(38, 40), 508.038755	
(39, 1), 489.444580	
(40, 16), 507.995759	
(40, 27), 522.656504	
(40, 38), 514.941352	
(40, 49), 503.749965	
(41, 15), 490.384268	
(41, 26), 485.794310	
(41, 37), 476.267399	
(41, 48), 487.202238	
(42, 14), 494.480599	
(42, 25), 488.015555	
(42, 36), 500.599626	
(42, 47), 507.958009	
(43, 13), 504.460048	
(43, 24), 512.520300	
(43, 35), 510.484298	
(43, 46), 514.259040	
(44, 12), 488.367453	
(44, 23), 493.972805	
(44, 34), 501.843219	
(44, 45), 486.603299	
(45, 11), 519.377806	
(45, 22), 515.334261	
(45, 33), 518.858108	
(45, 44), 506.997094	
(46, 10), 487.472357	
(46, 21), 495.481110	
(46, 32), 493.895567	
(46, 43), 513.953892	
(47, 20), 499.304988	
(47, 31), 505.526835	
(47, 42), 485.952170	
(48, 30), 506.102204	
(48, 41), 496.829885	
(49, 0), 490.943095	
(49, 40), 497.858427	
(10, 14), 499.855904	
(10, 25), 484.049860	
(10, 36), 495.717042	
(10, 47), 509.706577	
(11, 13), 509.179156	
(11, 24), 528.916555	
(11, 35), 513.139981	
(11, 46), 526.642697	
(12, 12), 494.097814	
(12, 23), 497.866689	
(12, 34), 505.296812	
(12, 45), 492.519666	
(13, 11), 529.213504	
(13, 22), 524.291243	
(13, 33), 524.156365	
(13, 44), 518.069586	
(14, 10), 492.620617	
(14, 21), 499.371431	
(14, 32), 506.354884	
(14, 43), 518.255839	
(15, 0), 508.897351	
(15, 20), 508.958980	
(15, 31), 515.918047	
(15, 42), 493.901138	
(16, 1), 488.032363	
(16, 30), 500.626117	
(16, 41), 491.884517	
(17, 2), 500.832749	
(17, 40), 495.379779	
(18, 3), 501.701181	
(19, 4), 495.358822	
(20, 15), 498.577681	
(20, 26), 499.643428	
(20, 37), 487.155436	
(20, 48), 492.353791	
(21, 14), 495.923010	
(21, 25), 488.259814	
(21, 36), 499.311359	
(21, 47), 501.754451	
(22, 13), 483.291015	
(22, 24), 516.545545	
(22, 35), 504.068415	
(22, 46), 515.430078	
(23, 12), 489.061224	
(23, 23), 496.370902	
(23, 34), 509.020408	
(23, 45), 494.142708	
(24, 11), 504.042969	
(24, 22), 500.141792	
(24, 33), 497.389685	
(24, 44), 490.347831	
(25, 10), 489.222741	
(25, 21), 495.153923	
(25, 32), 497.120128	
(25, 43), 513.233695	
(26, 0), 500.117983	
(26, 20), 500.238000	
(26, 31), 500.799616	
(26, 42), 486.002393	
(27, 1), 491.928413	
(27, 30), 492.530367	
(27, 41), 488.366230	
(28, 2), 510.342939	
(28, 40), 501.454153	
(29, 3), 503.160010	
(30, 16), 519.274231	
(30, 27), 526.636894	
(30, 38), 516.501926	
(30, 49), 507.174453	
(31, 15), 506.619145	
(31, 26), 504.558862	
(31, 37), 492.294447	
(31, 48), 495.417512	
(32, 14), 487.646296	
(32, 25), 479.745628	
(32, 36), 482.921166	
(32, 47), 497.511769	
(33, 13), 492.479523	
(33, 24), 516.386745	
(33, 35), 500.765349	
(33, 46), 510.092787	
(34, 12), 480.260396	
(34, 23), 491.694196	
(34, 34), 500.347659	
(34, 45), 489.486458	
(35, 11), 506.668471	
(35, 22), 487.674312	
(35, 33), 499.248699	
(35, 44), 488.410236	
(36, 10), 482.765415	
(36, 21), 488.868373	
(36, 32), 494.366372	
(36, 43), 508.727371	
(37, 0), 504.455029	
(37, 20), 505.640485	
(37, 31), 511.313347	
(37, 42), 492.295142	
(38, 1), 506.397057	
(38, 30), 511.226693	
(38, 41), 508.664836	
(39, 2), 494.782302	
(39, 40), 495.323499	
(40, 17), 502.758391	
(40, 28), 507.364689	
(40, 39), 513.676563	
(41, 16), 489.777079	
(41, 27), 501.576833	
(41, 38), 501.467680	
(41, 49), 483.865989	
(42, 15), 492.569147	
(42, 26), 496.368323	
(42, 37), 478.161354	
(42, 48), 482.946336	
(43, 14), 508.533167	
(43, 25), 496.675187	
(43, 36), 509.792811	
(43, 47), 510.563460	
(44, 13), 483.360204	
(44, 24), 507.366463	
(44, 35), 488.820334	
(44, 46), 506.062707	
(45, 12), 499.409985	
(45, 23), 505.800243	
(45, 34), 517.695009	
(45, 45), 500.257094	
(46, 11), 505.681299	
(46, 22), 495.103963	
(46, 33), 504.462154	
(46, 44), 501.930171	
(47, 10), 487.057964	
(47, 21), 487.512380	
(47, 32), 490.613284	
(47, 43), 499.291339	
(48, 0), 494.065767	
(48, 20), 503.969597	
(48, 31), 508.017582	
(48, 42), 496.973074	
(49, 1), 493.170443	
(49, 30), 494.485457	
(49, 41), 489.326155	
(10, 15), 487.321703	
(10, 26), 483.364002	
(10, 37), 478.261607	
(10, 48), 479.431991	
(11, 14), 515.353725	
(11, 25), 504.320042	
(11, 36), 511.049586	
(11, 47), 522.086638	
(12, 13), 491.383589	
(12, 24), 515.688120	
(12, 35), 487.534756	
(12, 46), 510.380511	
(13, 12), 497.536020	
(13, 23), 509.374443	
(13, 34), 523.989801	
(13, 45), 510.190403	
(14, 0), 510.827819	
(14, 11), 524.645195	
(14, 22), 511.857053	
(14, 33), 522.722997	
(14, 44), 505.338787	
(15, 1), 500.693549	
(15, 10), 491.748497	
(15, 21), 502.540770	
(15, 32), 502.666155	
(15, 43), 522.780821	
(16, 2), 493.884421	
(16, 20), 496.661249	
(16, 31), 503.135942	
(16, 42), 480.169079	
(17, 3), 516.166527	
(17, 30), 502.890350	
(17, 41), 492.110505	
(18, 4), 491.610636	
(18, 40), 497.666191	
(19, 5), 505.717639	
(20, 16), 494.408603	
(20, 27), 511.283261	
(20, 38), 506.962304	
(20, 49), 488.657930	
(21, 15), 493.892644	
(21, 26), 494.718545	
(21, 37), 480.428229	
(21, 48), 493.604961	
(22, 14), 500.154408	
(22, 25), 493.738440	
(22, 36), 494.588823	
(22, 47), 504.629227	
(23, 13), 490.860282	
(23, 24), 512.622535	
(23, 35), 499.254350	
(23, 46), 509.185560	
(24, 12), 484.183749	
(24, 23), 487.879916	
(24, 34), 509.827818	
(24, 45), 480.349699	
(25, 0), 500.142856	
(25, 11), 524.356616	
(25, 22), 503.903795	
(25, 33), 519.071852	
(25, 44), 504.560734	
(26, 1), 497.087903	
(26, 10), 488.126097	
(26, 21), 490.144731	
(26, 32), 494.489981	
(26, 43), 511.049290	
(27, 2), 501.110743	
(27, 20), 500.108913	
(27, 31), 504.308104	
(27, 42), 474.447170	
(28, 3), 519.079306	
(28, 30), 506.980563	
(28, 41), 512.144351	
(29, 4), 493.104323	
(29, 40), 497.428695	
(30, 17), 509.223507	
(30, 28), 518.373509	
(30, 39), 523.538082	
(31, 16), 507.678246	
(31, 27), 524.939638	
(31, 38), 512.570346	
(31, 49), 496.656516	
(32, 15), 478.077962	
(32, 26), 481.042593	
(32, 37), 468.583912	
(32, 48), 479.500458	
(33, 14), 498.316066	
(33, 25), 500.402944	
(33, 36), 503.998133	
(33, 47), 512.576580	
(34, 13), 488.696349	
(34, 24), 505.484218	
(34, 35), 489.223953	
(34, 46), 500.446192	
(35, 12), 487.229889	
(35, 23), 488.757034	
(35, 34), 495.839925	
(35, 45), 485.065158	
(36, 0), 489.454462	
(36, 11), 505.786949	
(36, 22), 503.251497	
(36, 33), 502.011960	
(36, 44), 492.281516	
(37, 1), 496.682476	
(37, 10), 493.020336	
(37, 21), 496.465054	
(37, 32), 498.736818	
(37, 43), 514.153150	
(38, 2), 508.555179	
(38, 20), 513.085320	
(38, 31), 520.321252	
(38, 42), 490.256763	
(39, 3), 505.452044	
(39, 30), 496.121862	
(39, 41), 489.329886	
(40, 18), 514.888046	
(40, 29), 505.562837	
(41, 17), 491.993011	
(41, 28), 487.199541	
(41, 39), 496.671003	
(42, 16), 500.387394	
(42, 27), 510.160339	
(42, 38), 502.222593	
(42, 49), 481.916385	
(43, 15), 513.383812	
(43, 26), 506.311777	
(43, 37), 487.910310	
(43, 48), 502.460212	
(44, 14), 494.721860	
(44, 25), 491.223944	
(44, 36), 498.003361	
(44, 47), 506.017484	
(45, 13), 501.347506	
(45, 24), 518.843918	
(45, 35), 505.645077	
(45, 46), 524.820202	
(46, 12), 494.966760	
(46, 23), 496.847481	
(46, 34), 510.371838	
(46, 45), 499.826490	
(47, 0), 493.125577	
(47, 11), 505.559237	
(47, 22), 499.366596	
(47, 33), 500.905371	
(47, 44), 495.745823	
(48, 1), 492.213749	
(48, 10), 487.042219	
(48, 21), 496.634410	
(48, 32), 487.152824	
(48, 43), 509.088664	
(49, 2), 495.262884	
(49, 20), 500.095849	
(49, 31), 499.836670	
(49, 42), 482.463622	
(10, 16), 496.319411	
(10, 27), 503.133092	
(10, 38), 498.548832	
(10, 49), 479.872286	
(11, 15), 515.952259	
(11, 26), 505.216803	
(11, 37), 492.620831	
(11, 48), 498.082118	
(12, 14), 498.620620	
(12, 25), 492.170268	
(12, 36), 502.119819	
(12, 47), 509.132406	
(13, 0), 518.916641	
(13, 13), 515.402764	
(13, 24), 525.376777	
(13, 35), 517.312839	
(13, 46), 523.863601	
(14, 1), 501.718419	
(14, 12), 508.048605	
(14, 23), 503.750723	
(14, 34), 513.305418	
(14, 45), 500.707143	
(15, 11), 520.829280	
(15, 2), 510.946874	
(15, 22), 516.075104	
(15, 33), 518.039237	
(15, 44), 516.537459	
(16, 10), 483.966118	
(16, 21), 481.853381	
(16, 3), 498.299226	
(16, 32), 488.289855	
(16, 43), 500.891394	
(17, 20), 501.441990	
(17, 31), 507.057762	
(17, 4), 490.616558	
(17, 42), 475.692329	
(18, 30), 504.234023	
(18, 41), 492.641662	
(18, 5), 507.413529	
(19, 40), 502.434991	
(19, 6), 505.654983	
(20, 17), 501.201482	
(20, 28), 505.204141	
(20, 39), 501.066753	
(21, 16), 494.507121	
(21, 27), 504.860740	
(21, 38), 499.637422	
(21, 49), 482.500573	
(22, 15), 498.611146	
(22, 26), 491.567495	
(22, 37), 477.586982	
(22, 48), 487.349399	
(23, 14), 503.487401	
(23, 25), 493.981120	
(23, 36), 495.805125	
(23, 47), 508.770409	
(24, 0), 491.641535	
(24, 13), 488.483232	
(24, 24), 502.073544	
(24, 35), 496.686139	
(24, 46), 503.318268	
(25, 1), 495.526601	
(25, 12), 493.803067	
(25, 23), 500.955069	
(25, 34), 508.529190	
(25, 45), 498.307860	
(26, 11), 513.197249	
(26, 2), 503.933810	
(26, 22), 499.501353	
(26, 33), 505.514170	
(26, 44), 501.728004	
(27, 10), 482.368471	
(27, 21), 483.378215	
(27, 3), 508.384544	
(27, 32), 495.235476	
(27, 43), 508.414322	
(28, 20), 509.875907	
(28, 31), 513.789344	
(28, 4), 502.586553	
(28, 42), 501.037847	
(29, 30), 507.218793	
(29, 41), 496.551569	
(29, 5), 505.620276	
(30, 18), 527.110401	
(30, 29), 518.895519	
(31, 17), 510.004994	
(31, 28), 502.331309	
(31, 39), 507.615170	
(32, 16), 485.283382	
(32, 27), 493.012106	
(32, 38), 492.840816	
(32, 49), 469.661439	
(33, 15), 508.430857	
(33, 26), 492.076541	
(33, 37), 489.003359	
(33, 48), 495.927469	
(34, 14), 499.964488	
(34, 25), 491.201814	
(34, 36), 492.129530	
(34, 47), 504.865158	
(35, 0), 496.471008	
(35, 13), 486.931048	
(35, 24), 503.335033	
(35, 35), 497.801201	
(35, 46), 496.647422	
(36, 1), 490.857587	
(36, 12), 484.221649	
(36, 23), 498.177729	
(36, 34), 503.056932	
(36, 45), 492.461694	
(37, 11), 523.673043	
(37, 2), 503.200118	
(37, 22), 506.886551	
(37, 33), 517.005549	
(37, 44), 508.580055	
(38, 10), 492.335454	
(38, 21), 503.040781	
(38, 3), 526.532016	
(38, 32), 498.703526	
(38, 43), 517.806206	
(39, 20), 488.209761	
(39, 31), 500.884257	
(39, 4), 490.310629	
(39, 42), 479.726090	
(40, 19), 513.651100	
(41, 18), 497.980203	
(41, 29), 488.988863	
(42, 17), 488.113775	
(42, 28), 492.598126	
(42, 39), 501.998944	
(43, 16), 503.965822	
(43, 27), 516.109379	
(43, 38), 518.233539	
(43, 49), 493.171656	
(44, 15), 497.652219	
(44, 26), 487.716050	
(44, 37), 480.530190	
(44, 48), 485.981577	
(45, 14), 509.385471	
(45, 25), 503.220308	
(45, 36), 512.960366	
(45, 47), 519.742837	
(46, 0), 495.421364	
(46, 13), 493.107525	
(46, 24), 510.404512	
(46, 35), 503.496652	
(46, 46), 505.651268	
(47, 1), 497.396506	
(47, 12), 496.572991	
(47, 23), 493.727759	
(47, 34), 507.829903	
(47, 45), 492.392093	
(48, 11), 508.948276	
(48, 2), 499.965867	
(48, 22), 499.273969	
(48, 33), 504.819657	
(48, 44), 495.305558	
(49, 10), 485.889778	
(49, 21), 487.422109	
(49, 3), 503.364330	
(49, 32), 492.322377	
(49, 43), 506.398684	
(10, 17), 482.387054	
(10, 28), 499.659305	
(10, 39), 494.153403	
(11, 16), 508.223604	
(11, 27), 521.908910	
(11, 38), 522.121783	
(11, 49), 498.747820	
(12, 0), 500.942604	
(12, 15), 502.361432	
(12, 26), 490.793527	
(12, 37), 485.092297	
(12, 48), 495.548180	
(13, 1), 512.306624	
(13, 14), 507.219654	
(13, 25), 506.948444	
(13, 36), 518.731294	
(13, 47), 524.926690	
(14, 13), 501.518253	
(14, 2), 514.395892	
(14, 24), 522.669696	
(14, 35), 508.860609	
(14, 46), 518.485909	
(15, 12), 494.244784	
(15, 23), 504.972397	
(15, 3), 518.159754	
(15, 34), 516.069898	
(15, 45), 505.138187	
(16, 11), 510.054061	
(16, 22), 497.349570	
(16, 33), 510.049476	
(16, 4), 490.440598	
(16, 44), 495.411781	
(17, 10), 490.513702	
(17, 21), 495.102766	
(17, 32), 490.172568	
(17, 43), 510.128262	
(17, 5), 505.470196	
(18, 20), 502.956757	
(18, 31), 499.560640	
(18, 42), 476.647075	
(18, 6), 509.447586	
(19, 30), 494.500689	
(19, 41), 498.966326	
(19, 7), 508.314534	
(20, 18), 510.460675	
(20, 29), 501.270958	
(21, 17), 493.949635	
(21, 28), 486.035130	
(21, 39), 503.545971	
(22, 16), 502.181994	
(22, 27), 499.392295	
(22, 38), 508.962266	
(22, 49), 488.675830	
(23, 0), 494.495273	
(23, 15), 495.072130	
(23, 26), 502.359461	
(23, 37), 483.220996	
(23, 48), 483.151522	
(24, 1), 489.084893	
(24, 14), 497.167229	
(24, 25), 495.406842	
(24, 36), 498.207490	
(24, 47), 497.522486	
(25, 13), 495.521808	
(25, 2), 510.104117	
(25, 24), 516.623893	
(25, 35), 504.920467	
(25, 46), 516.303322	
(26, 12), 496.420972	
(26, 23), 495.521438	
(26, 3), 513.664863	
(26, 34), 505.125390	
(26, 45), 498.070836	
(27, 11), 501.181324	
(27, 22), 493.041482	
(27, 33), 509.221620	
(27, 4), 496.108290	
(27, 44), 495.498438	
(28, 10), 490.603954	
(28, 21), 508.713869	
(28, 32), 496.851021	
(28, 43), 513.622787	
(28, 5), 514.550853	
(29, 20), 503.159377	
(29, 31), 505.617431	
(29, 42), 489.170323	
(29, 6), 501.034313	
(30, 19), 513.596622	
(31, 18), 512.432153	
(31, 29), 510.211892	
(32, 17), 488.710845	
(32, 28), 490.318914	
(32, 39), 491.220829	
(33, 16), 507.660432	
(33, 27), 518.139063	
(33, 38), 515.445974	
(33, 49), 487.897973	
(34, 0), 493.116168	
(34, 15), 495.946663	
(34, 26), 487.552932	
(34, 37), 484.493805	
(34, 48), 478.318190	
(35, 1), 496.709749	
(35, 14), 489.259907	
(35, 25), 488.264111	
(35, 36), 492.994093	
(35, 47), 502.777212	
(36, 13), 496.196620	
(36, 2), 500.275559	
(36, 24), 508.619214	
(36, 35), 492.760506	
(36, 46), 504.366906	
(37, 12), 492.836054	
(37, 23), 504.818405	
(37, 3), 519.196338	
(37, 34), 518.674581	
(37, 45), 500.429281	
(38, 11), 527.325890	
(38, 22), 504.459947	
(38, 33), 518.807853	
(38, 4), 506.700815	
(38, 44), 504.409995	
(39, 10), 482.571156	
(39, 21), 485.102658	
(39, 32), 488.269185	
(39, 43), 506.704276	
(39, 5), 504.756473	
(41, 19), 497.603767	
(42, 18), 496.975210	
(42, 29), 493.096980	
(43, 17), 506.031326	
(43, 28), 499.401288	
(43, 39), 508.353156	
(44, 16), 498.774630	
(44, 27), 500.550992	
(44, 38), 505.725872	
(44, 49), 481.437718	
(45, 0), 503.477293	
(45, 15), 505.774480	
(45, 26), 505.357724	
(45, 37), 489.356745	
(45, 48), 493.292918	
(46, 1), 495.721345	
(46, 14), 498.451345	
(46, 25), 501.301698	
(46, 36), 498.730331	
(46, 47), 499.924795	
(47, 13), 487.491724	
(47, 2), 497.545053	
(47, 24), 505.928758	
(47, 35), 495.075341	
(47, 46), 511.819903	
(48, 12), 491.746785	
(48, 23), 495.559193	
(48, 3), 510.570345	
(48, 34), 499.668408	
(48, 45), 498.441983	
(49, 11), 504.670809	
(49, 22), 499.859469	
(49, 33), 508.364888	
(49, 4), 498.182412	
(49, 44), 494.480168	
(10, 18), 502.074841	
(10, 29), 496.671619	
(11, 0), 512.059235	
(11, 17), 509.580433	
(11, 28), 511.626345	
(11, 39), 511.887639	
(12, 1), 500.832932	
(12, 16), 503.857260	
(12, 27), 508.073694	
(12, 38), 502.359144	
(12, 49), 494.588348	
(13, 15), 510.573255	
(13, 2), 514.150898	
(13, 26), 512.668536	
(13, 37), 494.674932	
(13, 48), 508.674570	
(14, 14), 503.508302	
(14, 25), 500.737747	
(14, 3), 520.463152	
(14, 36), 504.461259	
(14, 47), 522.028201	
(15, 13), 511.724133	
(15, 24), 517.634171	
(15, 35), 506.840379	
(15, 4), 508.324450	
(15, 46), 524.083629	
(16, 12), 493.368926	
(16, 23), 491.978918	
(16, 34), 502.487484	
(16, 45), 490.088696	
(16, 5), 509.550866	
(17, 11), 506.466844	
(17, 22), 508.019331	
(17, 33), 504.806426	
(17, 44), 500.003611	
(17, 6), 502.769615	
(18, 10), 484.469178	
(18, 21), 488.373548	
(18, 32), 494.955150	
(18, 43), 506.275423	
(18, 7), 501.366824	
(19, 20), 504.006304	
(19, 31), 503.395231	
(19, 42), 481.959468	
(19, 8), 508.806310	
(20, 19), 502.938130	
(21, 18), 490.115156	
(21, 29), 497.235333	
(22, 0), 495.766675	
(22, 17), 492.778550	
(22, 28), 495.678609	
(22, 39), 500.415164	
(23, 1), 496.083390	
(23, 16), 500.256192	
(23, 27), 513.061646	
(23, 38), 503.042406	
(23, 49), 483.715200	
(24, 15), 487.210593	
(24, 2), 489.998262	
(24, 26), 492.028351	
(24, 37), 475.148695	
(24, 48), 477.027158	
(25, 14), 502.662420	
(25, 25), 498.115978	
(25, 3), 520.069586	
(25, 36), 502.482533	
(25, 47), 514.601999	
(26, 13), 488.617976	
(26, 24), 522.122633	
(26, 35), 491.955857	
(26, 4), 498.382228	
(26, 46), 512.336911	
(27, 12), 489.791847	
(27, 23), 497.416874	
(27, 34), 502.930164	
(27, 45), 492.542533	
(27, 5), 506.707031	
(28, 11), 519.387694	
(28, 22), 512.060677	
(28, 33), 512.926304	
(28, 44), 510.698702	
(28, 6), 516.354608	
(29, 10), 488.438314	
(29, 21), 494.299989	
(29, 32), 492.570691	
(29, 43), 512.986335	
(29, 7), 502.737029	
(31, 19), 517.271449	
(32, 18), 489.629319	
(32, 29), 485.474861	
(33, 0), 500.465805	
(33, 17), 503.067417	
(33, 28), 498.048985	
(33, 39), 499.821156	
(34, 1), 486.356754	
(34, 16), 495.509032	
(34, 27), 505.116198	
(34, 38), 503.954294	
(34, 49), 481.547295	
(35, 15), 492.535689	
(35, 2), 487.308906	
(35, 26), 486.380240	
(35, 37), 470.603719	
(35, 48), 487.058621	
(36, 14), 491.123026	
(36, 25), 482.715702	
(36, 3), 506.203197	
(36, 36), 500.872675	
(36, 47), 507.587611	
(37, 13), 500.984635	
(37, 24), 511.579864	
(37, 35), 510.201547	
(37, 4), 500.720290	
(37, 46), 517.790389	
(38, 12), 502.427966	
(38, 23), 504.780969	
(38, 34), 515.518079	
(38, 45), 502.140982	
(38, 5), 511.090752	
(39, 11), 508.114658	
(39, 22), 492.189617	
(39, 33), 503.399136	
(39, 44), 491.111050	
(39, 6), 498.199160	
(42, 19), 500.647789	
(43, 18), 507.583466	
(43, 29), 507.173974	
(44, 0), 488.703668	
(44, 17), 489.155178	
(44, 28), 493.890749	
(44, 39), 492.430596	
(45, 1), 506.720430	
(45, 16), 511.730322	
(45, 27), 519.932854	
(45, 38), 516.577791	
(45, 49), 504.698709	
(46, 15), 495.894166	
(46, 2), 506.265976	
(46, 26), 486.496196	
(46, 37), 475.915893	
(46, 48), 488.810419	
(47, 14), 496.516064	
(47, 25), 484.164039	
(47, 3), 508.029345	
(47, 36), 496.017051	
(47, 47), 502.170497	
(48, 13), 492.532806	
(48, 24), 511.159428	
(48, 35), 492.372366	
(48, 4), 504.144018	
(48, 46), 508.705288	
(49, 12), 482.960568	
(49, 23), 493.951742	
(49, 34), 501.984293	
(49, 45), 487.435198	
(49, 5), 503.594297	
(10, 0), 489.456964	
(10, 19), 501.229214	
(11, 1), 502.534976	
(11, 18), 515.454579	
(11, 29), 517.664419	
(12, 17), 497.478763	
(12, 2), 504.257883	
(12, 28), 509.849451	
(12, 39), 502.375477	
(13, 16), 511.347230	
(13, 27), 526.499007	
(13, 3), 529.719601	
(13, 38), 519.665435	
(13, 49), 507.719542	
(14, 15), 500.270619	
(14, 26), 502.512061	
(14, 37), 489.393854	
(14, 4), 498.948523	
(14, 48), 502.342286	
(15, 14), 507.455761	
(15, 25), 500.266507	
(15, 36), 508.233494	
(15, 47), 507.996162	
(15, 5), 523.626317	
(16, 13), 480.177936	
(16, 24), 504.716843	
(16, 35), 493.521192	
(16, 46), 511.840785	
(16, 6), 500.671242	
(17, 12), 490.841786	
(17, 23), 494.136367	
(17, 34), 508.102045	
(17, 45), 486.966891	
(17, 7), 504.957340	
(18, 11), 516.199425	
(18, 22), 494.316412	
(18, 33), 509.273732	
(18, 44), 501.434849	
(18, 8), 506.756537	
(19, 10), 492.586262	
(19, 21), 490.732393	
(19, 32), 494.896785	
(19, 43), 510.596459	
(19, 9), 498.539461	
(21, 0), 488.777058	
(21, 19), 493.485475	
(22, 1), 497.182800	
(22, 18), 511.728734	
(22, 29), 508.044907	
(23, 17), 498.224294	
(23, 2), 500.937934	
(23, 28), 496.097573	
(23, 39), 498.210347	
(24, 16), 487.936923	
(24, 27), 498.724517	
(24, 3), 495.660965	
(24, 38), 504.717605	
(24, 49), 479.873953	
(25, 15), 502.463131	
(25, 26), 503.870641	
(25, 37), 493.714630	
(25, 4), 501.808906	
(25, 48), 488.166478	
(26, 14), 495.815782	
(26, 25), 499.307323	
(26, 36), 506.673263	
(26, 47), 508.055943	
(26, 5), 515.707992	
(27, 13), 486.213723	
(27, 24), 506.999570	
(27, 35), 494.542817	
(27, 46), 500.897919	
(27, 6), 503.987064	
(28, 12), 505.165319	
(28, 23), 507.364497	
(28, 34), 518.633238	
(28, 45), 503.312456	
(28, 7), 516.997756	
(29, 11), 519.820781	
(29, 22), 498.484538	
(29, 33), 505.108501	
(29, 44), 496.629253	
(29, 8), 506.986339	
(32, 0), 482.562389	
(32, 19), 487.844617	
(33, 1), 498.412679	
(33, 18), 503.809124	
(33, 29), 499.934793	
(34, 17), 496.096513	
(34, 2), 488.419061	
(34, 28), 491.739279	
(34, 39), 495.854606	
(35, 16), 488.319731	
(35, 27), 499.941366	
(35, 3), 504.301676	
(35, 38), 496.846105	
(35, 49), 478.163959	
(36, 15), 486.689987	
(36, 26), 488.934399	
(36, 37), 473.107945	
(36, 4), 502.838554	
(36, 48), 487.814130	
(37, 14), 507.575010	
(37, 25), 511.379042	
(37, 36), 506.945405	
(37, 47), 517.840641	
(37, 5), 521.658706	
(38, 13), 497.523924	
(38, 24), 514.802323	
(38, 35), 508.274244	
(38, 46), 519.606347	
(38, 6), 517.990115	
(39, 12), 488.005534	
(39, 23), 484.761699	
(39, 34), 500.553993	
(39, 45), 487.933114	
(39, 7), 501.439935	
(43, 0), 509.796941	
(43, 19), 504.744026	
(44, 1), 495.002714	
(44, 18), 497.628712	
(44, 29), 496.904044	
(45, 17), 513.302634	
(45, 2), 513.775974	
(45, 28), 508.143399	
(45, 39), 514.187731	
(46, 16), 507.424834	
(46, 27), 511.160806	
(46, 3), 509.027505	
(46, 38), 507.866000	
(46, 49), 486.879630	
(47, 15), 492.352132	
(47, 26), 490.501039	
(47, 37), 476.677672	
(47, 4), 496.776639	
(47, 48), 491.299031	
(48, 14), 499.907873	
(48, 25), 491.596335	
(48, 36), 497.688086	
(48, 47), 506.557124	
(48, 5), 512.072032	
(49, 13), 491.227448	
(49, 24), 507.030824	
(49, 35), 498.428938	
(49, 46), 511.109820	
(49, 6), 509.340502	
(10, 1), 492.514013	
(11, 19), 511.223821	
(11, 2), 509.256224	
(12, 18), 505.788223	
(12, 29), 501.959233	
(12, 3), 512.737835	
(13, 17), 509.943548	
(13, 28), 516.538611	
(13, 39), 503.221074	
(13, 4), 511.029941	
(14, 16), 503.219784	
(14, 27), 518.199940	
(14, 38), 513.469096	
(14, 49), 493.658555	
(14, 5), 518.345285	
(15, 15), 507.568844	
(15, 26), 500.855944	
(15, 37), 491.804531	
(15, 48), 502.958395	
(15, 6), 518.423676	
(16, 14), 490.387155	
(16, 25), 493.892541	
(16, 36), 495.268465	
(16, 47), 500.940109	
(16, 7), 504.818648	
(17, 13), 490.674604	
(17, 24), 506.639457	
(17, 35), 506.567756	
(17, 46), 515.248885	
(17, 8), 506.879392	
(18, 12), 484.145173	
(18, 23), 495.090062	
(18, 34), 509.201260	
(18, 45), 483.145403	
(18, 9), 494.675623	
(19, 11), 514.779744	
(19, 22), 498.699459	
(19, 33), 501.520600	
(19, 44), 502.727373	
(20, 0), 502.086399	
(21, 1), 492.951198	
(22, 19), 499.523714	
(22, 2), 511.558907	
(23, 18), 503.306611	
(23, 29), 502.918598	
(23, 3), 508.027681	
(24, 17), 486.579654	
(24, 28), 489.538583	
(24, 39), 490.728549	
(24, 4), 489.621764	
(25, 16), 509.488456	
(25, 27), 516.527302	
(25, 38), 504.405702	
(25, 49), 489.059886	
(25, 5), 514.330868	
(26, 15), 496.196733	
(26, 26), 492.668621	
(26, 37), 466.985587	
(26, 48), 482.394579	
(26, 6), 507.295101	
(27, 14), 498.317415	
(27, 25), 495.785055	
(27, 36), 490.412491	
(27, 47), 506.306195	
(27, 7), 499.649861	
(28, 13), 504.196559	
(28, 24), 522.601867	
(28, 35), 506.681088	
(28, 46), 522.809075	
(28, 8), 518.582273	
(29, 12), 495.860475	
(29, 23), 497.596760	
(29, 34), 513.161705	
(29, 45), 492.577117	
(29, 9), 498.021574	
(31, 0), 512.073125	
(32, 1), 479.782274	
(33, 19), 504.739641	
(33, 2), 504.242133	
(34, 18), 497.456781	
(34, 29), 489.813294	
(34, 3), 507.955473	
(35, 17), 481.952067	
(35, 28), 491.102435	
(35, 39), 497.057231	
(35, 4), 490.388954	
(36, 16), 489.381371	
(36, 27), 504.590722	
(36, 38), 495.672708	
(36, 49), 481.076780	
(36, 5), 499.309816	
(37, 15), 505.433641	
(37, 26), 499.297717	
(37, 37), 486.535942	
(37, 48), 502.034518	
(37, 6), 522.461039	
(38, 14), 514.376389	
(38, 25), 500.700947	
(38, 36), 505.881822	
(38, 47), 524.929589	
(38, 7), 519.134599	
(39, 13), 490.951567	
(39, 24), 508.117198	
(39, 35), 497.516919	
(39, 46), 507.083510	
(39, 8), 502.885138	
(42, 0), 488.127380	
(43, 1), 499.244982	
(44, 19), 499.097837	
(44, 2), 493.250780	
(45, 18), 515.914057	
(45, 29), 510.037181	
(45, 3), 522.176485	
(46, 17), 495.438834	
(46, 28), 505.641442	
(46, 39), 500.734400	
(46, 4), 497.527544	
(47, 16), 498.303580	
(47, 27), 506.220020	
(47, 38), 505.679354	
(47, 49), 480.337207	
(47, 5), 508.382227	
(48, 15), 499.961577	
(48, 26), 493.457070	
(48, 37), 477.591738	
(48, 48), 485.822723	
(48, 6), 506.092506	
(49, 14), 498.995684	
(49, 25), 489.912952	
(49, 36), 497.229068	
(49, 47), 498.133040	
(49, 7), 504.199654	
(10, 2), 495.446568	
(11, 3), 524.871663	
(12, 19), 503.019746	
(12, 4), 499.066264	
(13, 18), 514.333233	
(13, 29), 516.437497	
(13, 5), 531.779952	
(14, 17), 504.442730	
(14, 28), 508.013364	
(14, 39), 510.648429	
(14, 6), 514.881016	
(15, 16), 505.929478	
(15, 27), 519.143244	
(15, 38), 516.829065	
(15, 49), 493.625406	
(15, 7), 519.196108	
(16, 15), 488.958619	
(16, 26), 486.576621	
(16, 37), 476.479139	
(16, 48), 482.215617	
(16, 8), 498.514101	
(17, 14), 495.055527	
(17, 25), 498.080303	
(17, 36), 495.674279	
(17, 47), 507.759612	
(17, 9), 497.806283	
(18, 13), 483.585031	
(18, 24), 506.373395	
(18, 35), 494.812484	
(18, 46), 505.624131	
(19, 12), 488.656924	
(19, 23), 498.588055	
(19, 34), 499.988561	
(19, 45), 489.512961	
(20, 1), 498.325531	
(21, 2), 489.802438	
(22, 3), 510.777653	
(23, 19), 501.960002	
(23, 4), 496.046677	
(24, 18), 494.448613	
(24, 29), 490.615763	
(24, 5), 498.736043	
(25, 17), 496.097748	
(25, 28), 503.068864	
(25, 39), 501.774081	
(25, 6), 513.665875	
(26, 16), 500.656449	
(26, 27), 505.966886	
(26, 38), 501.912832	
(26, 49), 488.079149	
(26, 7), 512.159180	
(27, 15), 487.297730	
(27, 26), 494.638064	
(27, 37), 476.979649	
(27, 48), 484.957329	
(27, 8), 503.782886	
(28, 14), 513.610500	
(28, 25), 504.000145	
(28, 36), 505.823724	
(28, 47), 517.173836	
(28, 9), 511.253247	
(29, 13), 489.634400	
(29, 24), 505.239654	
(29, 35), 500.672322	
(29, 46), 499.284944	
(30, 0), 517.547533	
(31, 1), 497.785057	
(32, 2), 487.861483	
(33, 3), 514.308253	
(34, 19), 493.257048	
(34, 4), 490.675721	
(35, 18), 497.479287	
(35, 29), 488.448748	
(35, 5), 498.480656	
(36, 17), 495.119509	
(36, 28), 484.608802	
(36, 39), 494.839408	
(36, 6), 508.943358	
(37, 16), 505.986220	
(37, 27), 522.707070	
(37, 38), 507.997266	
(37, 49), 494.675892	
(37, 7), 514.517404	
(38, 15), 507.914747	
(38, 26), 500.966280	
(38, 37), 490.229818	
(38, 48), 494.519186	
(38, 8), 518.728045	
(39, 14), 491.156740	
(39, 25), 488.072605	
(39, 36), 494.014228	
(39, 47), 505.821009	
(39, 9), 486.470080	
(41, 0), 489.711529	
(42, 1), 484.091661	
(43, 2), 508.123960	
(44, 3), 504.843428	
(45, 19), 512.780728	
(45, 4), 511.245094	
(46, 18), 504.166045	
(46, 29), 496.202804	
(46, 5), 507.521651	
(47, 17), 493.538784	
(47, 28), 493.684191	
(47, 39), 495.978120	
(47, 6), 505.328300	
(48, 16), 496.355272	
(48, 27), 501.349936	
(48, 38), 502.425097	
(48, 49), 490.141458	
(48, 7), 503.907698	
(49, 15), 493.904888	
(49, 26), 490.771844	
(49, 37), 482.062765	
(49, 48), 486.062473	
(49, 8), 501.215305	
(0, 40), 521.808357	
(10, 3), 513.300399	
(11, 4), 505.106433	
(12, 5), 511.427589	
(13, 19), 516.820635	
(13, 6), 528.365096	
(14, 18), 507.205238	
(14, 29), 516.989226	
(14, 7), 511.234613	
(15, 17), 507.941640	
(15, 28), 510.739815	
(15, 39), 518.347132	
(15, 8), 519.445693	
(16, 16), 496.962225	
(16, 27), 496.389357	
(16, 38), 498.229567	
(16, 49), 483.788515	
(16, 9), 499.979023	
(17, 15), 492.068624	
(17, 26), 492.108584	
(17, 37), 484.217547	
(17, 48), 487.561584	
(18, 14), 494.817340	
(18, 25), 488.723096	
(18, 36), 491.674263	
(18, 47), 509.494361	
(19, 13), 495.465501	
(19, 24), 509.988935	
(19, 35), 500.035843	
(19, 46), 509.385680	
(20, 2), 505.026449	
(21, 3), 504.017035	
(22, 4), 497.782161	
(23, 5), 512.516739	
(24, 19), 493.243454	
(24, 6), 505.382039	
(25, 18), 503.356293	
(25, 29), 508.425155	
(25, 7), 511.950496	
(26, 17), 497.321893	
(26, 28), 496.377812	
(26, 39), 499.588757	
(26, 8), 498.737952	
(27, 16), 497.401507	
(27, 27), 502.635994	
(27, 38), 499.633659	
(27, 49), 485.330678	
(27, 9), 494.843040	
(28, 15), 506.496601	
(28, 26), 498.173837	
(28, 37), 486.127590	
(28, 48), 505.121428	
(29, 14), 501.294449	
(29, 25), 491.538737	
(29, 36), 494.548149	
(29, 47), 510.359337	
(30, 1), 510.824738	
(31, 2), 514.447033	
(32, 3), 490.886799	
(33, 4), 502.853602	
(34, 5), 506.046383	
(35, 19), 490.364862	
(35, 6), 501.935319	
(36, 18), 494.262287	
(36, 29), 495.567973	
(36, 7), 513.075083	
(37, 17), 503.600916	
(37, 28), 505.493163	
(37, 39), 509.730417	
(37, 8), 515.482457	
(38, 16), 506.597015	
(38, 27), 512.940684	
(38, 38), 518.054974	
(38, 49), 490.954606	
(38, 9), 508.364118	
(39, 15), 489.537028	
(39, 26), 486.374014	
(39, 37), 475.713333	
(39, 48), 482.670393	
(40, 0), 503.515137	
(41, 1), 490.589541	
(42, 2), 497.131044	
(43, 3), 516.576611	
(44, 4), 490.916008	
(45, 5), 522.038266	
(46, 19), 505.704471	
(46, 6), 507.854433	
(47, 18), 500.528802	
(47, 29), 498.061088	
(47, 7), 505.923122	
(48, 17), 493.932853	
(48, 28), 493.042230	
(48, 39), 497.678053	
(48, 8), 505.166179	
(49, 16), 494.001509	
(49, 27), 506.127972	
(49, 38), 500.186163	
(49, 49), 480.308192	
(49, 9), 497.104521	
